[16:45:12] [modloading-worker-0/INFO] ========================================
[16:45:12] [modloading-worker-0/INFO] Minecraft: 1.18.2
[16:45:12] [modloading-worker-0/INFO] Side: server
[16:45:12] [modloading-worker-0/INFO] Development: false
[16:45:12] [modloading-worker-0/INFO] Version: 8.3.631
[16:45:12] [modloading-worker-0/INFO] Loader:
[16:45:12] [modloading-worker-0/INFO] - Forge: 40.2.10
[16:45:12] [modloading-worker-0/INFO] Dependencies:
[16:45:12] [modloading-worker-0/INFO] - Cloth Config: 6.4.90
[16:45:12] [modloading-worker-0/INFO] - Architectury: 4.11.93
[16:45:12] [modloading-worker-0/INFO] Mixin: 0.8.5
[16:45:12] [modloading-worker-0/INFO] OS: Windows 11 10.0 (amd64)
[16:45:12] [modloading-worker-0/INFO] Java: 17.0.9 (Oracle Corporation)
[16:45:12] [modloading-worker-0/INFO] ========================================
[16:45:12] [modloading-worker-0/INFO] Mods:
[16:45:13] [modloading-worker-0/INFO] - adaptive_performance_tweaks_core: 3.22.1
[16:45:13] [modloading-worker-0/INFO] - adaptive_performance_tweaks_items: 3.21.0
[16:45:13] [modloading-worker-0/INFO] - additionalentityattributes: 1.0.0+1.18.2
[16:45:13] [modloading-worker-0/INFO] - advancedcompass: 1.2.11
[16:45:13] [modloading-worker-0/INFO] - afptweaks: 1.18.2-1.2.4
[16:45:13] [modloading-worker-0/INFO] - ageingspawners: 1.2.4
[16:45:13] [modloading-worker-0/INFO] - aiimprovements: 0.5.2
[16:45:13] [modloading-worker-0/INFO] - alexsdelight: 1.3.3
[16:45:13] [modloading-worker-0/INFO] - alexsmobs: 1.18.6
[16:45:13] [modloading-worker-0/INFO] - alternate_current: 0.0NONE
[16:45:13] [modloading-worker-0/INFO] - ambientsounds: 5.0.16
[16:45:13] [modloading-worker-0/INFO] - antiqueatlas: 7.1.1-forge-mc1.18.2
[16:45:13] [modloading-worker-0/INFO] - apoli: 1.18.2-2.3.4.0
[16:45:13] [modloading-worker-0/INFO] - apotheosis: 5.8.1
[16:45:13] [modloading-worker-0/INFO] - aquamirae: 5.api10
[16:45:13] [modloading-worker-0/INFO] - architectury: 4.11.93
[16:45:13] [modloading-worker-0/INFO] - areas: 5.0
[16:45:13] [modloading-worker-0/INFO] - armorcurve: 3.0
[16:45:13] [modloading-worker-0/INFO] - armoreablemobs: 1.0.5
[16:45:13] [modloading-worker-0/INFO] - ars_nouveau: 2.9.0
[16:45:13] [modloading-worker-0/INFO] - atlaslib: 1.1.7a
[16:45:13] [modloading-worker-0/INFO] - attributefix: 14.0.2
[16:45:13] [modloading-worker-0/INFO] - autoreglib: 1.7-53
[16:45:13] [modloading-worker-0/INFO] - auudio: 1.0.3
[16:45:13] [modloading-worker-0/INFO] - awesomedungeonnether: 1.0.2
[16:45:13] [modloading-worker-0/INFO] - ba_bt: 1.18.2-2.3.12
[16:45:13] [modloading-worker-0/INFO] - badmobs: 13.01
[16:45:13] [modloading-worker-0/INFO] - bagus_lib: 1.18.2-3.5.0
[16:45:13] [modloading-worker-0/INFO] - balm: 3.2.6
[16:45:13] [modloading-worker-0/INFO] - bcc: 1.1.21-build.48+mc1.18.2
[16:45:13] [modloading-worker-0/INFO] - betteranimationscollection: 3.0.0
[16:45:13] [modloading-worker-0/INFO] - betterbiomeblend: 1.3.5-forge
[16:45:13] [modloading-worker-0/INFO] - betterdeserttemples: 1.18.2-Forge-1.3.1
[16:45:13] [modloading-worker-0/INFO] - betterdungeons: 1.18.2-Forge-2.1.0
[16:45:13] [modloading-worker-0/INFO] - betterfortresses: 1.18.2-Forge-1.0.0
[16:45:13] [modloading-worker-0/INFO] - bettergolem: 1.18.2-1.1.0
[16:45:13] [modloading-worker-0/INFO] - bettermineshafts: 1.18.2-Forge-2.2
[16:45:13] [modloading-worker-0/INFO] - betteroceanmonuments: 1.18.2-Forge-1.0.3
[16:45:13] [modloading-worker-0/INFO] - betterstrongholds: 1.18.2-Forge-2.1.1
[16:45:13] [modloading-worker-0/INFO] - bettervillage: 1
[16:45:13] [modloading-worker-0/INFO] - betterwitchhuts: 1.18.2-Forge-1.0.1
[16:45:13] [modloading-worker-0/INFO] - biomemakeover: 1.18.2-1.4.32
[16:45:13] [modloading-worker-0/INFO] - bloodandmadness: 2.0
[16:45:13] [modloading-worker-0/INFO] - blue_skies: 1.3.12
[16:45:13] [modloading-worker-0/INFO] - blueprint: 5.5.0
[16:45:13] [modloading-worker-0/INFO] - bookshelf: 13.3.56
[16:45:13] [modloading-worker-0/INFO] - born_in_chaos_v1: 1.0.0
[16:45:13] [modloading-worker-0/INFO] - braincell: 1.18
[16:45:13] [modloading-worker-0/INFO] - brutalbosses: 1.18.2-5.8
[16:45:13] [modloading-worker-0/INFO] - bwncr: 3.13.21
[16:45:13] [modloading-worker-0/INFO] - bygonenether: 1.2.2
[16:45:13] [modloading-worker-0/INFO] - caelus: 1.18.1-3.0.0.2
[16:45:13] [modloading-worker-0/INFO] - calio: 1.18.2-1.6.0.0
[16:45:13] [modloading-worker-0/INFO] - callablehorses: 1.2.2.5
[16:45:13] [modloading-worker-0/INFO] - cataclysm: 1.0
[16:45:13] [modloading-worker-0/INFO] - cc: 1.0.17
[16:45:13] [modloading-worker-0/INFO] - celesteconfig: 1.0.0
[16:45:13] [modloading-worker-0/INFO] - champions: 1.18.2-2.1.6.3
[16:45:13] [modloading-worker-0/INFO] - chunky: 1.2.164
[16:45:13] [modloading-worker-0/INFO] - citadel: 1.11.3
[16:45:13] [modloading-worker-0/INFO] - cloth_config: 6.4.90
[16:45:13] [modloading-worker-0/INFO] - cloudstorage: 1.1.0
[16:45:13] [modloading-worker-0/INFO] - collective: 6.62
[16:45:13] [modloading-worker-0/INFO] - comforts: 1.18.2-5.0.0.6
[16:45:13] [modloading-worker-0/INFO] - conjurer_illager: 1.1.1
[16:45:13] [modloading-worker-0/INFO] - corpse: 1.18.2-1.0.1
[16:45:13] [modloading-worker-0/INFO] - cosmeticarmorreworked: 1.18.2-v2a
[16:45:13] [modloading-worker-0/INFO] - crafttweaker: 9.1.207
[16:45:13] [modloading-worker-0/INFO] - create: 0.5.1.b
[16:45:13] [modloading-worker-0/INFO] - creativecore: 0.0NONE
[16:45:13] [modloading-worker-0/INFO] - creeperoverhaul: 1.3.1
[16:45:13] [modloading-worker-0/INFO] - curios: 1.18.2-5.0.9.1
[16:45:13] [modloading-worker-0/INFO] - dannys_expansion: 1.2.6
[16:45:13] [modloading-worker-0/INFO] - darkersouls: 1.0
[16:45:13] [modloading-worker-0/INFO] - dawncraft: 1.18.2-1.2.4
[16:45:13] [modloading-worker-0/INFO] - dawncraft_fixes: 0.12.0
[16:45:13] [modloading-worker-0/INFO] - deleteitem: 2.0.3.1
[16:45:13] [modloading-worker-0/INFO] - difficultraids: 1.7.5-release
[16:45:13] [modloading-worker-0/INFO] - dogslie: 1.1.1
[16:45:13] [modloading-worker-0/INFO] - dragonmounts: 1.1.4
[16:45:13] [modloading-worker-0/INFO] - dummmmmmy: 1.18-1.5.2
[16:45:13] [modloading-worker-0/INFO] - dungeoncrawl: 2.3.12
[16:45:13] [modloading-worker-0/INFO] - dungeons_arise: 2.1.52-1.18.2
[16:45:13] [modloading-worker-0/INFO] - earthmobsmod: 1.18.2-1.4.0
[16:45:13] [modloading-worker-0/INFO] - easymagic: 3.3.0
[16:45:13] [modloading-worker-0/INFO] - ecologics: 1.7.11
[16:45:13] [modloading-worker-0/INFO] - efdg: 1.8
[16:45:13] [modloading-worker-0/INFO] - enchantlimiter: 2.0
[16:45:13] [modloading-worker-0/INFO] - enchantwithmob: 1.18.2-11.3.1
[16:45:13] [modloading-worker-0/INFO] - endrem: 5.2.0-R-1.18.2
[16:45:13] [modloading-worker-0/INFO] - enigmaticlegacy: 2.25.0
[16:45:13] [modloading-worker-0/INFO] - enlightened_end: 4.0.0.1
[16:45:13] [modloading-worker-0/INFO] - epicfight: 18.3.8
[16:45:13] [modloading-worker-0/INFO] - epicparagliders: 0.3.0-1.18.2
[16:45:13] [modloading-worker-0/INFO] - farmersdelight: 1.18.2-1.2.1
[16:45:13] [modloading-worker-0/INFO] - farsightedmobs: 1.1
[16:45:13] [modloading-worker-0/INFO] - fastbench: 6.1.1
[16:45:13] [modloading-worker-0/INFO] - fastfurnace: 6.0.3
[16:45:13] [modloading-worker-0/INFO] - fastload: 8.2.1-+1.18.2
[16:45:13] [modloading-worker-0/INFO] - fastsuite: 3.0.2
[16:45:13] [modloading-worker-0/INFO] - feature_nbt_deadlock_be_gone: 2.0.0+1.18.2
[16:45:13] [modloading-worker-0/INFO] - ferritecore: 4.2.2
[16:45:13] [modloading-worker-0/INFO] - fixmyspawnr: 1.0.0
[16:45:13] [modloading-worker-0/INFO] - flywheel: 0.6.8.a
[16:45:13] [modloading-worker-0/INFO] - followme: 1.1.8a
[16:45:13] [modloading-worker-0/INFO] - forge: 40.2.10
[16:45:13] [modloading-worker-0/INFO] - ftbessentials: 1802.1.7-build.42
[16:45:13] [modloading-worker-0/INFO] - ftblibrary: 1802.3.11-build.177
[16:45:13] [modloading-worker-0/INFO] - ftbquests: 1802.3.14-build.191
[16:45:13] [modloading-worker-0/INFO] - ftbranks: 1802.1.11-build.71
[16:45:13] [modloading-worker-0/INFO] - ftbteams: 1802.2.10-build.96
[16:45:13] [modloading-worker-0/INFO] - fullstackwatchdog: 1.0.1+1.19.2-forge
[16:45:13] [modloading-worker-0/INFO] - gamestages: 8.1.3
[16:45:13] [modloading-worker-0/INFO] - geckolib3: 3.0.56
[16:45:13] [modloading-worker-0/INFO] - getittogetherdrops: 1.3
[16:45:13] [modloading-worker-0/INFO] - globaldataandresourcepacks: 1.12.4_forge
[16:45:13] [modloading-worker-0/INFO] - goblinsanddungeons: 1.0.8
[16:45:13] [modloading-worker-0/INFO] - goblintraders: 1.8.0
[16:45:13] [modloading-worker-0/INFO] - graveyard: 1.9.7
[16:45:13] [modloading-worker-0/INFO] - guardvillagers: 1.4.3
[16:45:13] [modloading-worker-0/INFO] - habitat: 1.1.5
[16:45:13] [modloading-worker-0/INFO] - hardermonsterboats: 39.1.1.0
[16:45:13] [modloading-worker-0/INFO] - hexerei: 0.2.2
[16:45:13] [modloading-worker-0/INFO] - hitindication: 1.2
[16:45:13] [modloading-worker-0/INFO] - humancompanions: 1.18.2-1.7.3
[16:45:13] [modloading-worker-0/INFO] - hunterillager: 1.18.2-4.0.1
[16:45:13] [modloading-worker-0/INFO] - iceandfire: 2.1.12-1.18.2
[16:45:13] [modloading-worker-0/INFO] - iceberg: 1.0.49
[16:45:13] [modloading-worker-0/INFO] - idas: 1.6.6+1.18.2
[16:45:13] [modloading-worker-0/INFO] - illageandspillage: 1.1.3
[16:45:13] [modloading-worker-0/INFO] - immersive_armors: 1.5.6+1.18.2
[16:45:13] [modloading-worker-0/INFO] - immersive_weathering: 1.18.2-1.18.2-3.0.3
[16:45:13] [modloading-worker-0/INFO] - improvedmobs: 1.18.2-1.11.0
[16:45:13] [modloading-worker-0/INFO] - incendium: 5.0.8
[16:45:13] [modloading-worker-0/INFO] - incontrol: 1.18-6.1.9
[16:45:13] [modloading-worker-0/INFO] - insanelib: 1.5.3
[16:45:13] [modloading-worker-0/INFO] - integrated_api: 1.2.7+1.18.2
[16:45:13] [modloading-worker-0/INFO] - integrated_stronghold: 1.0.2+1.18.2
[16:45:13] [modloading-worker-0/INFO] - inventoryhud: 3.4.18
[16:45:13] [modloading-worker-0/INFO] - ironchest: 1.18.2-13.2.11
[16:45:13] [modloading-worker-0/INFO] - itemfilters: 1802.2.8-build.47
[16:45:13] [modloading-worker-0/INFO] - itemphysic: 1.6.0
[16:45:13] [modloading-worker-0/INFO] - itshallnottick: 1.0.22-build.34
[16:45:13] [modloading-worker-0/INFO] - jade: 5.3.0
[16:45:13] [modloading-worker-0/INFO] - jei: 9.9999
[16:45:13] [modloading-worker-0/INFO] - jeitweaker: 3.0.0.9
[16:45:13] [modloading-worker-0/INFO] - jet_and_elias_armors: 1.0.0
[16:45:13] [modloading-worker-0/INFO] - jumpboat: 1.18.2-0.1.0.3
[16:45:13] [modloading-worker-0/INFO] - kobolds: 2.1.2
[16:45:13] [modloading-worker-0/INFO] - krypton: 0.1.10-SNAPSHOT
[16:45:13] [modloading-worker-0/INFO] - lazydfu: 0.1.3
[16:45:13] [modloading-worker-0/INFO] - libraryferret: 3.0.0
[16:45:13] [modloading-worker-0/INFO] - libx: 1.18.2-3.2.19
[16:45:13] [modloading-worker-0/INFO] - lilwings: 1.2.4
[16:45:13] [modloading-worker-0/INFO] - limitedchunks: 1.8
[16:45:13] [modloading-worker-0/INFO] - logbegone: 1.0.4
[16:45:13] [modloading-worker-0/INFO] - logprot: 1.4
[16:45:13] [modloading-worker-0/INFO] - lootr: 0.3.24.61
[16:45:13] [modloading-worker-0/INFO] - luggage: 1.3.2
[16:45:13] [modloading-worker-0/INFO] - magistuarmory: 8.1
[16:45:13] [modloading-worker-0/INFO] - majruszsdifficulty: 1.8.0
[16:45:13] [modloading-worker-0/INFO] - maxhealthfix: 5.0.4
[16:45:13] [modloading-worker-0/INFO] - mca: 7.4.9+1.18.2
[16:45:13] [modloading-worker-0/INFO] - meetyourfight: 1.18.2-1.2.5
[16:45:13] [modloading-worker-0/INFO] - mimic: 1.1.32
[16:45:13] [modloading-worker-0/INFO] - minecraft: 1.18.2
[16:45:13] [modloading-worker-0/INFO] - mixinextras: 0.2.0-beta.9
[16:45:13] [modloading-worker-0/INFO] - mlib: 5.0.0
[16:45:13] [modloading-worker-0/INFO] - modernfix: 5.7.2+mc1.18.2
[16:45:13] [modloading-worker-0/INFO] - monsterplus: 1.0
[16:45:13] [modloading-worker-0/INFO] - morevillagers: 3.2.0
[16:45:13] [modloading-worker-0/INFO] - mousetweaks: 2.21
[16:45:13] [modloading-worker-0/INFO] - mowziesmobs: 1.5.32
[16:45:13] [modloading-worker-0/INFO] - mutantmonsters: 3.0.1
[16:45:13] [modloading-worker-0/INFO] - netherportalfix: 9.0.0
[16:45:13] [modloading-worker-0/INFO] - nethersdelight: 2.2
[16:45:13] [modloading-worker-0/INFO] - netherskeletons: 4.8
[16:45:13] [modloading-worker-0/INFO] - nourished_nether: 1.1.5
[16:45:13] [modloading-worker-0/INFO] - nyfsquiver: 1.18.1-0.7.0
[16:45:13] [modloading-worker-0/INFO] - ob_core: 3.2.0
[16:45:13] [modloading-worker-0/INFO] - ob_tooltips: 1.4.1
[16:45:13] [modloading-worker-0/INFO] - obscure_api: 10
[16:45:13] [modloading-worker-0/INFO] - orcz: 0.74
[16:45:13] [modloading-worker-0/INFO] - origins: 1.18.2-1.5.0.1
[16:45:13] [modloading-worker-0/INFO] - paraglider: 1.6.0.5
[16:45:13] [modloading-worker-0/INFO] - passablefoliage: 4.2.1
[16:45:13] [modloading-worker-0/INFO] - patchouli: 1.18.2-71.1
[16:45:13] [modloading-worker-0/INFO] - pfm: 1.1.1
[16:45:13] [modloading-worker-0/INFO] - piglinproliferation: 1.0.0
[16:45:13] [modloading-worker-0/INFO] - pineapple_delight: 0.0NONE
[16:45:13] [modloading-worker-0/INFO] - placebo: 6.6.7
[16:45:13] [modloading-worker-0/INFO] - playerex: 1.3.2
[16:45:13] [modloading-worker-0/INFO] - plushies: 1.2
[16:45:13] [modloading-worker-0/INFO] - pmmo: 1.18.2-3.69.11
[16:45:13] [modloading-worker-0/INFO] - polylib: 1801.0.2-build.13
[16:45:13] [modloading-worker-0/INFO] - polymorph: 1.18.2-0.49
[16:45:13] [modloading-worker-0/INFO] - presencenotrequired: 1.3.0
[16:45:13] [modloading-worker-0/INFO] - prism: 1.0.1
[16:45:13] [modloading-worker-0/INFO] - progressivebosses: 3.6.5
[16:45:13] [modloading-worker-0/INFO] - puzzleslib: 3.5.8
[16:45:13] [modloading-worker-0/INFO] - quark: 3.2-358
[16:45:13] [modloading-worker-0/INFO] - quest_giver: 1.18.2-1.0.10
[16:45:13] [modloading-worker-0/INFO] - recipestages: 3.0.0.10
[16:45:13] [modloading-worker-0/INFO] - rei_plugin_compatibilities: 8.0.77
[16:45:13] [modloading-worker-0/INFO] - reputation: 0.9.9
[16:45:13] [modloading-worker-0/INFO] - revamped_phantoms: 0.2.3
[16:45:13] [modloading-worker-0/INFO] - rottencreatures: 1.0.0
[16:45:13] [modloading-worker-0/INFO] - roughlyenoughitems: 8.3.631
[16:45:13] [modloading-worker-0/INFO] - saturn: 0.0.4
[16:45:13] [modloading-worker-0/INFO] - savage_and_ravage: 4.0.1
[16:45:13] [modloading-worker-0/INFO] - scattered_weapons: 1.0.0
[16:45:13] [modloading-worker-0/INFO] - seasonhud: 1.4.18
[16:45:13] [modloading-worker-0/INFO] - secondchanceforge: 1.5.0
[16:45:13] [modloading-worker-0/INFO] - selene: 1.18.2-1.17.9
[16:45:13] [modloading-worker-0/INFO] - sereneseasons: 1.18.2-7.0.0.13
[16:45:13] [modloading-worker-0/INFO] - shrines: 1.18.2-4.1.0
[16:45:13] [modloading-worker-0/INFO] - simple_mobs: 0.9.81
[16:45:13] [modloading-worker-0/INFO] - simplebackups: 1.18.2-1.1.13
[16:45:13] [modloading-worker-0/INFO] - smoothchunk: 1.18.2-1.9
[16:45:13] [modloading-worker-0/INFO] - snuffles: 1.0.2
[16:45:13] [modloading-worker-0/INFO] - solapplepie: 1.18.2-1.0.4
[16:45:13] [modloading-worker-0/INFO] - sophisticatedbackpacks: 1.18.2-3.18.57.888
[16:45:13] [modloading-worker-0/INFO] - sophisticatedcore: 1.18.2-0.5.80.376
[16:45:13] [modloading-worker-0/INFO] - sound_physics_remastered: 1.18.2-1.0.6
[16:45:13] [modloading-worker-0/INFO] - special_drops: 1.1.0
[16:45:13] [modloading-worker-0/INFO] - stackablepotions: 1.0.0
[16:45:13] [modloading-worker-0/INFO] - starlight: 1.0.2+forge.83663de
[16:45:13] [modloading-worker-0/INFO] - starterkit: 5.0
[16:45:13] [modloading-worker-0/INFO] - storagedrawers: 10.2.1
[16:45:13] [modloading-worker-0/INFO] - strawgolem: 2.0.0-beta.5
[16:45:13] [modloading-worker-0/INFO] - structory: 0.0NONE
[16:45:13] [modloading-worker-0/INFO] - structure_gel: 2.4.7
[16:45:13] [modloading-worker-0/INFO] - supermartijn642configlib: 1.1.6
[16:45:13] [modloading-worker-0/INFO] - supermartijn642corelib: 1.1.9a
[16:45:13] [modloading-worker-0/INFO] - supplementaries: 1.18.2-1.5.18
[16:45:13] [modloading-worker-0/INFO] - swordinthestone: 1.1
[16:45:13] [modloading-worker-0/INFO] - takesapillage: 1.0.3
[16:45:13] [modloading-worker-0/INFO] - tenshilib: 1.18.2-1.6.15
[16:45:13] [modloading-worker-0/INFO] - terrablender: 1.2.0.126
[16:45:13] [modloading-worker-0/INFO] - terralith: 0.0NONE
[16:45:13] [modloading-worker-0/INFO] - timeout_fixes: 1.18.1-1.0.0
[16:45:13] [modloading-worker-0/INFO] - tinyskeletons: 3.3.0
[16:45:13] [modloading-worker-0/INFO] - tlc: 1.0.1
[16:45:13] [modloading-worker-0/INFO] - toms_storage: 1.4.2
[16:45:13] [modloading-worker-0/INFO] - toofast: 0.0.1.2
[16:45:13] [modloading-worker-0/INFO] - travelersbackpack: 7.1.43
[16:45:13] [modloading-worker-0/INFO] - treechop: 0.17.7
[16:45:13] [modloading-worker-0/INFO] - tumbleweed: 1.18-0.5.4
[16:45:13] [modloading-worker-0/INFO] - undead_revamp2: 1.0.0
[16:45:13] [modloading-worker-0/INFO] - untamedwilds: 2.4.2
[16:45:13] [modloading-worker-0/INFO] - unvotedandshelved: 1.18.2-2.0.6-forge
[16:45:13] [modloading-worker-0/INFO] - villagercomfort: 1.18.2-1.0.0
[16:45:13] [modloading-worker-0/INFO] - villagernames: 5.1
[16:45:13] [modloading-worker-0/INFO] - waila: 5.3.0
[16:45:13] [modloading-worker-0/INFO] - waystones: 10.2.1
[16:45:13] [modloading-worker-0/INFO] - weaponmaster: 3.0.3
[16:45:13] [modloading-worker-0/INFO] - whisperwoods: 1.18.2-2.1.0
[16:45:13] [modloading-worker-0/INFO] - wildbackport: 1.2.3
[16:45:13] [modloading-worker-0/INFO] - yungsapi: 1.18.2-Forge-2.2.9
[16:45:13] [modloading-worker-0/INFO] - yungsbridges: 1.18.2-Forge-2.1.0
[16:45:13] [modloading-worker-0/INFO] - yungsextras: 1.18.2-Forge-2.1.0
[16:45:13] [modloading-worker-0/INFO] - zensummoning: 1.3.8
[16:45:13] [modloading-worker-0/INFO] ========================================
[16:45:13] [modloading-worker-0/INFO] [REI] Registered plugin provider REI Plugin Compatibilities Server Handler [rei_plugin_compatibilities, jei] for REIPlugin
[16:45:13] [modloading-worker-0/INFO] [REI] Registered plugin provider DefaultPluginImpl [roughlyenoughitems] for REIServerPlugin
[16:45:13] [modloading-worker-0/INFO] [REI] Registered plugin provider DefaultPluginImpl [roughlyenoughitems] for REIPlugin
[16:45:13] [modloading-worker-0/INFO] [REI] Registered plugin provider DefaultRuntimePlugin [roughlyenoughitems] for REIServerPlugin
[16:45:13] [modloading-worker-0/INFO] [REI] Registered plugin provider DefaultRuntimePlugin [roughlyenoughitems] for REIPlugin
[16:45:13] [modloading-worker-0/INFO] [REI] Registered plugin provider REI Plugin Compatibilities Server Handler [rei_plugin_compatibilities, jei] for REIServerPlugin
[16:45:30] [Worker-Main-7/DEBUG] [REI] Processed 0 tags in 58.00 μs for minecraft:dimension_type
[16:45:30] [Worker-Main-8/DEBUG] [REI] Processed 0 tags in 14.40 μs for shrines:random_variation/material
[16:45:30] [Worker-Main-6/DEBUG] [REI] Processed 10 tags in 1.100 ms for minecraft:fluid
[16:45:30] [Worker-Main-4/DEBUG] [REI] Processed 5 tags in 79.90 μs for minecraft:game_event
[16:45:30] [Worker-Main-3/DEBUG] [REI] Processed 0 tags in 329.3 μs for minecraft:worldgen/configured_structure_feature
[16:45:31] [Worker-Main-10/DEBUG] [REI] Processed 125 tags in 9.438 ms for minecraft:entity_type
[16:45:31] [Worker-Main-1/DEBUG] [REI] Processed 1 tags in 32.90 μs for minecraft:worldgen/structure_feature
[16:45:31] [Worker-Main-5/DEBUG] [REI] Processed 0 tags in 155.3 μs for minecraft:worldgen/biome
[16:45:31] [Worker-Main-6/DEBUG] [REI] Processed 888 tags in 7.565 ms for minecraft:item
[16:45:31] [Worker-Main-7/DEBUG] [REI] Processed 751 tags in 10.79 ms for minecraft:block
[16:45:39] [Worker-Main-9/DEBUG] [REI] ========================================
[16:45:39] [Worker-Main-9/DEBUG] [REI] REIPlugin starting pre-reload for START.
[16:45:39] [Worker-Main-9/DEBUG] [REI] Reloadables (7):
[16:45:39] [Worker-Main-9/DEBUG] [REI]  - EntryTypeRegistryImpl
[16:45:39] [Worker-Main-9/DEBUG] [REI]  - EntrySettingsAdapterRegistryImpl
[16:45:39] [Worker-Main-9/DEBUG] [REI]  - RecipeManagerContextImpl
[16:45:39] [Worker-Main-9/DEBUG] [REI]  - ItemComparatorRegistryImpl
[16:45:39] [Worker-Main-9/DEBUG] [REI]  - FluidComparatorRegistryImpl
[16:45:39] [Worker-Main-9/DEBUG] [REI]  - DisplaySerializerRegistryImpl
[16:45:39] [Worker-Main-9/DEBUG] [REI]  - FluidSupportProviderImpl
[16:45:39] [Worker-Main-9/DEBUG] [REI] Plugins (3):
[16:45:39] [Worker-Main-9/DEBUG] [REI]  - (-100.00) DefaultPluginImpl of DefaultPluginImpl [roughlyenoughitems]
[16:45:39] [Worker-Main-9/DEBUG] [REI]  - (0.00) DefaultRuntimePlugin of DefaultRuntimePlugin [roughlyenoughitems]
[16:45:39] [Worker-Main-9/DEBUG] [REI]  - (0.00) REI Plugin Compatibilities Server Handler of REI Plugin Compatibilities Server Handler [rei_plugin_compatibilities, jei]
[16:45:39] [Worker-Main-9/DEBUG] [REI] ========================================
[16:45:39] [Worker-Main-9/TRACE] [REI] [REIPlugin START] Reloading Section: "pre-register/"
[16:45:39] [Worker-Main-9/TRACE] [REI] [REIPlugin START] Reloading Section: "pre-register/DefaultPluginImpl of DefaultPluginImpl [roughlyenoughitems]/"
[16:45:39] [Worker-Main-9/TRACE] [REI] [REIPlugin START] Reloading Section: "pre-register/DefaultPluginImpl of DefaultPluginImpl [roughlyenoughitems]/" done in 687.9 μs
[16:45:39] [Worker-Main-9/TRACE] [REI] [REIPlugin START] Reloading Section: "pre-register/DefaultRuntimePlugin of DefaultRuntimePlugin [roughlyenoughitems]/"
[16:45:39] [Worker-Main-9/TRACE] [REI] [REIPlugin START] Reloading Section: "pre-register/DefaultRuntimePlugin of DefaultRuntimePlugin [roughlyenoughitems]/" done in 8.100 μs
[16:45:39] [Worker-Main-9/TRACE] [REI] [REIPlugin START] Reloading Section: "pre-register/REI Plugin Compatibilities Server Handler of REI Plugin Compatibilities Server Handler [rei_plugin_compatibilities, jei]/"
[16:45:39] [Worker-Main-9/TRACE] [REI] [REIPlugin START] Reloading Section: "pre-register/REI Plugin Compatibilities Server Handler of REI Plugin Compatibilities Server Handler [rei_plugin_compatibilities, jei]/" done in 4.600 μs
[16:45:39] [Worker-Main-9/TRACE] [REI] [REIPlugin START] Reloading Section: "pre-register/" done in 8.451 ms
[16:45:39] [Worker-Main-9/DEBUG] [REI] ========================================
[16:45:39] [Worker-Main-9/DEBUG] [REI] REIPlugin finished pre-reload for START in 11.80 ms.
[16:45:39] [Worker-Main-9/DEBUG] [REI] ========================================
[16:45:39] [Worker-Main-9/DEBUG] [REI] ========================================
[16:45:39] [Worker-Main-9/DEBUG] [REI] REIServerPlugin starting pre-reload for START.
[16:45:39] [Worker-Main-9/DEBUG] [REI] Reloadables (1):
[16:45:39] [Worker-Main-9/DEBUG] [REI]  - MenuInfoRegistryImpl
[16:45:39] [Worker-Main-9/DEBUG] [REI] Plugins (3):
[16:45:39] [Worker-Main-9/DEBUG] [REI]  - (-100.00) DefaultPluginImpl of DefaultPluginImpl [roughlyenoughitems]
[16:45:39] [Worker-Main-9/DEBUG] [REI]  - (0.00) REI Plugin Compatibilities Server Handler of REI Plugin Compatibilities Server Handler [rei_plugin_compatibilities, jei]
[16:45:39] [Worker-Main-9/DEBUG] [REI]  - (0.00) DefaultRuntimePlugin of DefaultRuntimePlugin [roughlyenoughitems]
[16:45:39] [Worker-Main-9/DEBUG] [REI] ========================================
[16:45:39] [Worker-Main-9/TRACE] [REI] [REIServerPlugin START] Reloading Section: "pre-register/"
[16:45:39] [Worker-Main-9/TRACE] [REI] [REIServerPlugin START] Reloading Section: "pre-register/DefaultPluginImpl of DefaultPluginImpl [roughlyenoughitems]/"
[16:45:39] [Worker-Main-9/TRACE] [REI] [REIServerPlugin START] Reloading Section: "pre-register/DefaultPluginImpl of DefaultPluginImpl [roughlyenoughitems]/" done in 18.50 μs
[16:45:39] [Worker-Main-9/TRACE] [REI] [REIServerPlugin START] Reloading Section: "pre-register/REI Plugin Compatibilities Server Handler of REI Plugin Compatibilities Server Handler [rei_plugin_compatibilities, jei]/"
[16:45:39] [Worker-Main-9/TRACE] [REI] [REIServerPlugin START] Reloading Section: "pre-register/REI Plugin Compatibilities Server Handler of REI Plugin Compatibilities Server Handler [rei_plugin_compatibilities, jei]/" done in 14.30 μs
[16:45:39] [Worker-Main-9/TRACE] [REI] [REIServerPlugin START] Reloading Section: "pre-register/DefaultRuntimePlugin of DefaultRuntimePlugin [roughlyenoughitems]/"
[16:45:39] [Worker-Main-9/TRACE] [REI] [REIServerPlugin START] Reloading Section: "pre-register/DefaultRuntimePlugin of DefaultRuntimePlugin [roughlyenoughitems]/" done in 3.800 μs
[16:45:39] [Worker-Main-9/TRACE] [REI] [REIServerPlugin START] Reloading Section: "pre-register/" done in 221.0 μs
[16:45:39] [Worker-Main-9/DEBUG] [REI] ========================================
[16:45:39] [Worker-Main-9/DEBUG] [REI] REIServerPlugin finished pre-reload for START in 269.3 μs.
[16:45:39] [Worker-Main-9/DEBUG] [REI] ========================================
[16:45:39] [Worker-Main-9/INFO] [REI] ========================================
[16:45:39] [Worker-Main-9/INFO] [REI] REIPlugin starting main-reload for START.
[16:45:39] [Worker-Main-9/DEBUG] [REI] Reloadables (7):
[16:45:39] [Worker-Main-9/DEBUG] [REI]  - EntryTypeRegistryImpl
[16:45:39] [Worker-Main-9/DEBUG] [REI]  - EntrySettingsAdapterRegistryImpl
[16:45:39] [Worker-Main-9/DEBUG] [REI]  - RecipeManagerContextImpl
[16:45:39] [Worker-Main-9/DEBUG] [REI]  - ItemComparatorRegistryImpl
[16:45:39] [Worker-Main-9/DEBUG] [REI]  - FluidComparatorRegistryImpl
[16:45:39] [Worker-Main-9/DEBUG] [REI]  - DisplaySerializerRegistryImpl
[16:45:39] [Worker-Main-9/DEBUG] [REI]  - FluidSupportProviderImpl
[16:45:39] [Worker-Main-9/INFO] [REI] Plugins (3):
[16:45:39] [Worker-Main-9/INFO] [REI]  - (-100.00) DefaultPluginImpl of DefaultPluginImpl [roughlyenoughitems]
[16:45:39] [Worker-Main-9/INFO] [REI]  - (0.00) DefaultRuntimePlugin of DefaultRuntimePlugin [roughlyenoughitems]
[16:45:39] [Worker-Main-9/INFO] [REI]  - (0.00) REI Plugin Compatibilities Server Handler of REI Plugin Compatibilities Server Handler [rei_plugin_compatibilities, jei]
[16:45:39] [Worker-Main-9/INFO] [REI] ========================================
[16:45:39] [Worker-Main-9/TRACE] [REI] [REIPlugin START] Reloading Section: "start-reload/"
[16:45:39] [Worker-Main-9/TRACE] [REI] [REIPlugin START] Reloading Section: "start-reload/EntryTypeRegistryImpl/"
[16:45:39] [Worker-Main-9/TRACE] [REI] [REIPlugin START] Reloading Section: "start-reload/EntryTypeRegistryImpl/" done in 205.9 μs
[16:45:39] [Worker-Main-9/TRACE] [REI] [REIPlugin START] Reloading Section: "start-reload/EntrySettingsAdapterRegistryImpl/"
[16:45:39] [Worker-Main-9/TRACE] [REI] [REIPlugin START] Reloading Section: "start-reload/EntrySettingsAdapterRegistryImpl/" done in 6.500 μs
[16:45:39] [Worker-Main-9/TRACE] [REI] [REIPlugin START] Reloading Section: "start-reload/RecipeManagerContextImpl/"
[16:45:39] [Worker-Main-9/TRACE] [REI] [REIPlugin START] Reloading Section: "start-reload/RecipeManagerContextImpl/" done in 3.200 μs
[16:45:39] [Worker-Main-9/TRACE] [REI] [REIPlugin START] Reloading Section: "start-reload/ItemComparatorRegistryImpl/"
[16:45:39] [Worker-Main-9/TRACE] [REI] [REIPlugin START] Reloading Section: "start-reload/ItemComparatorRegistryImpl/" done in 38.60 μs
[16:45:39] [Worker-Main-9/TRACE] [REI] [REIPlugin START] Reloading Section: "start-reload/FluidComparatorRegistryImpl/"
[16:45:39] [Worker-Main-9/TRACE] [REI] [REIPlugin START] Reloading Section: "start-reload/FluidComparatorRegistryImpl/" done in 4.800 μs
[16:45:39] [Worker-Main-9/TRACE] [REI] [REIPlugin START] Reloading Section: "start-reload/DisplaySerializerRegistryImpl/"
[16:45:39] [Worker-Main-9/TRACE] [REI] [REIPlugin START] Reloading Section: "start-reload/DisplaySerializerRegistryImpl/" done in 4.300 μs
[16:45:39] [Worker-Main-9/TRACE] [REI] [REIPlugin START] Reloading Section: "start-reload/FluidSupportProviderImpl/"
[16:45:39] [Worker-Main-9/TRACE] [REI] [REIPlugin START] Reloading Section: "start-reload/FluidSupportProviderImpl/" done in 21.70 μs
[16:45:39] [Worker-Main-9/TRACE] [REI] [REIPlugin START] Reloading Section: "start-reload/" done in 819.6 μs
[16:45:39] [Worker-Main-9/DEBUG] [REI] ========================================
[16:45:39] [Worker-Main-9/DEBUG] [REI] REIPlugin started main-reload for START.
[16:45:39] [Worker-Main-9/DEBUG] [REI] ========================================
[16:45:39] [Worker-Main-9/TRACE] [REI] [REIPlugin START] Reloading Section: "reloadable-plugin/EntryTypeRegistryImpl/"
[16:45:39] [Worker-Main-9/TRACE] [REI] [REIPlugin START] Reloading Section: "reloadable-plugin/EntryTypeRegistryImpl/DefaultPluginImpl of DefaultPluginImpl [roughlyenoughitems]/"
[16:45:39] [Worker-Main-9/TRACE] [REI] [REIPlugin START] Reloading Section: "reloadable-plugin/EntryTypeRegistryImpl/DefaultPluginImpl of DefaultPluginImpl [roughlyenoughitems]/" done in 172.4 μs
[16:45:39] [Worker-Main-9/TRACE] [REI] [REIPlugin START] Reloading Section: "reloadable-plugin/EntryTypeRegistryImpl/DefaultRuntimePlugin of DefaultRuntimePlugin [roughlyenoughitems]/"
[16:45:39] [Worker-Main-9/TRACE] [REI] [REIPlugin START] Reloading Section: "reloadable-plugin/EntryTypeRegistryImpl/DefaultRuntimePlugin of DefaultRuntimePlugin [roughlyenoughitems]/" done in 10.07 ms
[16:45:39] [Worker-Main-9/TRACE] [REI] [REIPlugin START] Reloading Section: "reloadable-plugin/EntryTypeRegistryImpl/REI Plugin Compatibilities Server Handler of REI Plugin Compatibilities Server Handler [rei_plugin_compatibilities, jei]/"
[16:45:39] [Worker-Main-9/TRACE] [REI] [REIPlugin START] Reloading Section: "reloadable-plugin/EntryTypeRegistryImpl/REI Plugin Compatibilities Server Handler of REI Plugin Compatibilities Server Handler [rei_plugin_compatibilities, jei]/" done in 19.00 μs
[16:45:39] [Worker-Main-9/TRACE] [REI] [REIPlugin START] Reloading Section: "reloadable-plugin/EntryTypeRegistryImpl/" done in 11.16 ms
[16:45:39] [Worker-Main-9/TRACE] [REI] [REIPlugin START] Reloading Section: "reloadable-plugin/EntrySettingsAdapterRegistryImpl/"
[16:45:39] [Worker-Main-9/TRACE] [REI] [REIPlugin START] Reloading Section: "reloadable-plugin/EntrySettingsAdapterRegistryImpl/DefaultPluginImpl of DefaultPluginImpl [roughlyenoughitems]/"
[16:45:39] [Worker-Main-9/TRACE] [REI] [REIPlugin START] Reloading Section: "reloadable-plugin/EntrySettingsAdapterRegistryImpl/DefaultPluginImpl of DefaultPluginImpl [roughlyenoughitems]/" done in 9.100 μs
[16:45:39] [Worker-Main-9/TRACE] [REI] [REIPlugin START] Reloading Section: "reloadable-plugin/EntrySettingsAdapterRegistryImpl/DefaultRuntimePlugin of DefaultRuntimePlugin [roughlyenoughitems]/"
[16:45:39] [Worker-Main-9/TRACE] [REI] [REIPlugin START] Reloading Section: "reloadable-plugin/EntrySettingsAdapterRegistryImpl/DefaultRuntimePlugin of DefaultRuntimePlugin [roughlyenoughitems]/" done in 6.000 μs
[16:45:39] [Worker-Main-9/TRACE] [REI] [REIPlugin START] Reloading Section: "reloadable-plugin/EntrySettingsAdapterRegistryImpl/REI Plugin Compatibilities Server Handler of REI Plugin Compatibilities Server Handler [rei_plugin_compatibilities, jei]/"
[16:45:39] [Worker-Main-9/TRACE] [REI] [REIPlugin START] Reloading Section: "reloadable-plugin/EntrySettingsAdapterRegistryImpl/REI Plugin Compatibilities Server Handler of REI Plugin Compatibilities Server Handler [rei_plugin_compatibilities, jei]/" done in 6.100 μs
[16:45:39] [Worker-Main-9/TRACE] [REI] [REIPlugin START] Reloading Section: "reloadable-plugin/EntrySettingsAdapterRegistryImpl/" done in 230.2 μs
[16:45:39] [Worker-Main-9/TRACE] [REI] [REIPlugin START] Reloading Section: "reloadable-plugin/RecipeManagerContextImpl/"
[16:45:39] [Worker-Main-9/TRACE] [REI] [REIPlugin START] Reloading Section: "reloadable-plugin/RecipeManagerContextImpl/DefaultPluginImpl of DefaultPluginImpl [roughlyenoughitems]/"
[16:45:39] [Worker-Main-9/TRACE] [REI] [REIPlugin START] Reloading Section: "reloadable-plugin/RecipeManagerContextImpl/DefaultPluginImpl of DefaultPluginImpl [roughlyenoughitems]/" done in 7.900 μs
[16:45:39] [Worker-Main-9/TRACE] [REI] [REIPlugin START] Reloading Section: "reloadable-plugin/RecipeManagerContextImpl/DefaultRuntimePlugin of DefaultRuntimePlugin [roughlyenoughitems]/"
[16:45:39] [Worker-Main-9/TRACE] [REI] [REIPlugin START] Reloading Section: "reloadable-plugin/RecipeManagerContextImpl/DefaultRuntimePlugin of DefaultRuntimePlugin [roughlyenoughitems]/" done in 9.100 μs
[16:45:39] [Worker-Main-9/TRACE] [REI] [REIPlugin START] Reloading Section: "reloadable-plugin/RecipeManagerContextImpl/REI Plugin Compatibilities Server Handler of REI Plugin Compatibilities Server Handler [rei_plugin_compatibilities, jei]/"
[16:45:39] [Worker-Main-9/TRACE] [REI] [REIPlugin START] Reloading Section: "reloadable-plugin/RecipeManagerContextImpl/REI Plugin Compatibilities Server Handler of REI Plugin Compatibilities Server Handler [rei_plugin_compatibilities, jei]/" done in 7.900 μs
[16:45:39] [Worker-Main-9/TRACE] [REI] [REIPlugin START] Reloading Section: "reloadable-plugin/RecipeManagerContextImpl/" done in 278.1 μs
[16:45:39] [Worker-Main-9/TRACE] [REI] [REIPlugin START] Reloading Section: "reloadable-plugin/ItemComparatorRegistryImpl/"
[16:45:39] [Worker-Main-9/TRACE] [REI] [REIPlugin START] Reloading Section: "reloadable-plugin/ItemComparatorRegistryImpl/DefaultPluginImpl of DefaultPluginImpl [roughlyenoughitems]/"
[16:45:39] [Worker-Main-9/TRACE] [REI] [REIPlugin START] Reloading Section: "reloadable-plugin/ItemComparatorRegistryImpl/DefaultPluginImpl of DefaultPluginImpl [roughlyenoughitems]/" done in 677.1 μs
[16:45:39] [Worker-Main-9/TRACE] [REI] [REIPlugin START] Reloading Section: "reloadable-plugin/ItemComparatorRegistryImpl/DefaultRuntimePlugin of DefaultRuntimePlugin [roughlyenoughitems]/"
[16:45:39] [Worker-Main-9/TRACE] [REI] [REIPlugin START] Reloading Section: "reloadable-plugin/ItemComparatorRegistryImpl/DefaultRuntimePlugin of DefaultRuntimePlugin [roughlyenoughitems]/" done in 20.60 μs
[16:45:39] [Worker-Main-9/TRACE] [REI] [REIPlugin START] Reloading Section: "reloadable-plugin/ItemComparatorRegistryImpl/REI Plugin Compatibilities Server Handler of REI Plugin Compatibilities Server Handler [rei_plugin_compatibilities, jei]/"
[16:45:39] [Worker-Main-9/TRACE] [REI] [REIPlugin START] Reloading Section: "reloadable-plugin/ItemComparatorRegistryImpl/REI Plugin Compatibilities Server Handler of REI Plugin Compatibilities Server Handler [rei_plugin_compatibilities, jei]/" done in 10.20 μs
[16:45:39] [Worker-Main-9/TRACE] [REI] [REIPlugin START] Reloading Section: "reloadable-plugin/ItemComparatorRegistryImpl/" done in 1.290 ms
[16:45:39] [Worker-Main-9/TRACE] [REI] [REIPlugin START] Reloading Section: "reloadable-plugin/FluidComparatorRegistryImpl/"
[16:45:39] [Worker-Main-9/TRACE] [REI] [REIPlugin START] Reloading Section: "reloadable-plugin/FluidComparatorRegistryImpl/DefaultPluginImpl of DefaultPluginImpl [roughlyenoughitems]/"
[16:45:39] [Worker-Main-9/TRACE] [REI] [REIPlugin START] Reloading Section: "reloadable-plugin/FluidComparatorRegistryImpl/DefaultPluginImpl of DefaultPluginImpl [roughlyenoughitems]/" done in 18.00 μs
[16:45:39] [Worker-Main-9/TRACE] [REI] [REIPlugin START] Reloading Section: "reloadable-plugin/FluidComparatorRegistryImpl/DefaultRuntimePlugin of DefaultRuntimePlugin [roughlyenoughitems]/"
[16:45:39] [Worker-Main-9/TRACE] [REI] [REIPlugin START] Reloading Section: "reloadable-plugin/FluidComparatorRegistryImpl/DefaultRuntimePlugin of DefaultRuntimePlugin [roughlyenoughitems]/" done in 11.30 μs
[16:45:39] [Worker-Main-9/TRACE] [REI] [REIPlugin START] Reloading Section: "reloadable-plugin/FluidComparatorRegistryImpl/REI Plugin Compatibilities Server Handler of REI Plugin Compatibilities Server Handler [rei_plugin_compatibilities, jei]/"
[16:45:39] [Worker-Main-9/TRACE] [REI] [REIPlugin START] Reloading Section: "reloadable-plugin/FluidComparatorRegistryImpl/REI Plugin Compatibilities Server Handler of REI Plugin Compatibilities Server Handler [rei_plugin_compatibilities, jei]/" done in 8.000 μs
[16:45:39] [Worker-Main-9/TRACE] [REI] [REIPlugin START] Reloading Section: "reloadable-plugin/FluidComparatorRegistryImpl/" done in 367.0 μs
[16:45:39] [Worker-Main-9/TRACE] [REI] [REIPlugin START] Reloading Section: "reloadable-plugin/DisplaySerializerRegistryImpl/"
[16:45:39] [Worker-Main-9/TRACE] [REI] [REIPlugin START] Reloading Section: "reloadable-plugin/DisplaySerializerRegistryImpl/DefaultPluginImpl of DefaultPluginImpl [roughlyenoughitems]/"
[16:45:39] [Worker-Main-9/TRACE] [REI] [REIPlugin START] Reloading Section: "reloadable-plugin/DisplaySerializerRegistryImpl/DefaultPluginImpl of DefaultPluginImpl [roughlyenoughitems]/" done in 7.200 μs
[16:45:39] [Worker-Main-9/TRACE] [REI] [REIPlugin START] Reloading Section: "reloadable-plugin/DisplaySerializerRegistryImpl/DefaultRuntimePlugin of DefaultRuntimePlugin [roughlyenoughitems]/"
[16:45:39] [Worker-Main-9/TRACE] [REI] [REIPlugin START] Reloading Section: "reloadable-plugin/DisplaySerializerRegistryImpl/DefaultRuntimePlugin of DefaultRuntimePlugin [roughlyenoughitems]/" done in 6.100 μs
[16:45:39] [Worker-Main-9/TRACE] [REI] [REIPlugin START] Reloading Section: "reloadable-plugin/DisplaySerializerRegistryImpl/REI Plugin Compatibilities Server Handler of REI Plugin Compatibilities Server Handler [rei_plugin_compatibilities, jei]/"
[16:45:39] [Worker-Main-9/TRACE] [REI] [REIPlugin START] Reloading Section: "reloadable-plugin/DisplaySerializerRegistryImpl/REI Plugin Compatibilities Server Handler of REI Plugin Compatibilities Server Handler [rei_plugin_compatibilities, jei]/" done in 9.000 μs
[16:45:39] [Worker-Main-9/TRACE] [REI] [REIPlugin START] Reloading Section: "reloadable-plugin/DisplaySerializerRegistryImpl/" done in 363.1 μs
[16:45:39] [Worker-Main-9/TRACE] [REI] [REIPlugin START] Reloading Section: "reloadable-plugin/FluidSupportProviderImpl/"
[16:45:39] [Worker-Main-9/TRACE] [REI] [REIPlugin START] Reloading Section: "reloadable-plugin/FluidSupportProviderImpl/DefaultPluginImpl of DefaultPluginImpl [roughlyenoughitems]/"
[16:45:39] [Worker-Main-9/TRACE] [REI] [REIPlugin START] Reloading Section: "reloadable-plugin/FluidSupportProviderImpl/DefaultPluginImpl of DefaultPluginImpl [roughlyenoughitems]/" done in 747.3 μs
[16:45:39] [Worker-Main-9/TRACE] [REI] [REIPlugin START] Reloading Section: "reloadable-plugin/FluidSupportProviderImpl/DefaultRuntimePlugin of DefaultRuntimePlugin [roughlyenoughitems]/"
[16:45:39] [Worker-Main-9/TRACE] [REI] [REIPlugin START] Reloading Section: "reloadable-plugin/FluidSupportProviderImpl/DefaultRuntimePlugin of DefaultRuntimePlugin [roughlyenoughitems]/" done in 18.60 μs
[16:45:39] [Worker-Main-9/TRACE] [REI] [REIPlugin START] Reloading Section: "reloadable-plugin/FluidSupportProviderImpl/REI Plugin Compatibilities Server Handler of REI Plugin Compatibilities Server Handler [rei_plugin_compatibilities, jei]/"
[16:45:39] [Worker-Main-9/TRACE] [REI] [REIPlugin START] Reloading Section: "reloadable-plugin/FluidSupportProviderImpl/REI Plugin Compatibilities Server Handler of REI Plugin Compatibilities Server Handler [rei_plugin_compatibilities, jei]/" done in 10.00 μs
[16:45:39] [Worker-Main-9/TRACE] [REI] [REIPlugin START] Reloading Section: "reloadable-plugin/FluidSupportProviderImpl/" done in 1.197 ms
[16:45:39] [Worker-Main-9/DEBUG] [REI] ========================================
[16:45:39] [Worker-Main-9/DEBUG] [REI] REIPlugin ending main-reload for START.
[16:45:39] [Worker-Main-9/DEBUG] [REI] ========================================
[16:45:39] [Worker-Main-9/TRACE] [REI] [REIPlugin START] Reloading Section: "end-reload/"
[16:45:39] [Worker-Main-9/TRACE] [REI] [REIPlugin START] Reloading Section: "end-reload/EntryTypeRegistryImpl/"
[16:45:39] [Worker-Main-9/TRACE] [REI] [REIPlugin START] Reloading Section: "end-reload/EntryTypeRegistryImpl/" done in 12.60 μs
[16:45:39] [Worker-Main-9/TRACE] [REI] [REIPlugin START] Reloading Section: "end-reload/EntrySettingsAdapterRegistryImpl/"
[16:45:39] [Worker-Main-9/TRACE] [REI] [REIPlugin START] Reloading Section: "end-reload/EntrySettingsAdapterRegistryImpl/" done in 4.500 μs
[16:45:39] [Worker-Main-9/TRACE] [REI] [REIPlugin START] Reloading Section: "end-reload/RecipeManagerContextImpl/"
[16:45:39] [Worker-Main-9/TRACE] [REI] [REIPlugin START] Reloading Section: "end-reload/RecipeManagerContextImpl/" done in 4.700 μs
[16:45:39] [Worker-Main-9/TRACE] [REI] [REIPlugin START] Reloading Section: "end-reload/ItemComparatorRegistryImpl/"
[16:45:39] [Worker-Main-9/TRACE] [REI] [REIPlugin START] Reloading Section: "end-reload/ItemComparatorRegistryImpl/" done in 4.400 μs
[16:45:39] [Worker-Main-9/TRACE] [REI] [REIPlugin START] Reloading Section: "end-reload/FluidComparatorRegistryImpl/"
[16:45:39] [Worker-Main-9/TRACE] [REI] [REIPlugin START] Reloading Section: "end-reload/FluidComparatorRegistryImpl/" done in 3.700 μs
[16:45:39] [Worker-Main-9/TRACE] [REI] [REIPlugin START] Reloading Section: "end-reload/DisplaySerializerRegistryImpl/"
[16:45:39] [Worker-Main-9/TRACE] [REI] [REIPlugin START] Reloading Section: "end-reload/DisplaySerializerRegistryImpl/" done in 3.600 μs
[16:45:39] [Worker-Main-9/TRACE] [REI] [REIPlugin START] Reloading Section: "end-reload/FluidSupportProviderImpl/"
[16:45:39] [Worker-Main-9/TRACE] [REI] [REIPlugin START] Reloading Section: "end-reload/FluidSupportProviderImpl/" done in 4.300 μs
[16:45:39] [Worker-Main-9/TRACE] [REI] [REIPlugin START] Reloading Section: "end-reload/" done in 654.1 μs
[16:45:39] [Worker-Main-9/DEBUG] [REI] ========================================
[16:45:39] [Worker-Main-9/DEBUG] [REI] REIPlugin ended main-reload for START in 17.91 ms.
[16:45:39] [Worker-Main-9/DEBUG] [REI] ========================================
[16:45:39] [Worker-Main-9/INFO] [REI] ----------------------------------------
[16:45:39] [Worker-Main-9/INFO] [REI] REIServerPlugin starting main-reload for START.
[16:45:39] [Worker-Main-9/DEBUG] [REI] Reloadables (1):
[16:45:39] [Worker-Main-9/DEBUG] [REI]  - MenuInfoRegistryImpl
[16:45:39] [Worker-Main-9/INFO] [REI] Plugins (3):
[16:45:39] [Worker-Main-9/INFO] [REI]  - (-100.00) DefaultPluginImpl of DefaultPluginImpl [roughlyenoughitems]
[16:45:39] [Worker-Main-9/INFO] [REI]  - (0.00) REI Plugin Compatibilities Server Handler of REI Plugin Compatibilities Server Handler [rei_plugin_compatibilities, jei]
[16:45:39] [Worker-Main-9/INFO] [REI]  - (0.00) DefaultRuntimePlugin of DefaultRuntimePlugin [roughlyenoughitems]
[16:45:39] [Worker-Main-9/INFO] [REI] ----------------------------------------
[16:45:39] [Worker-Main-9/TRACE] [REI] [REIServerPlugin START] Reloading Section: "start-reload/"
[16:45:39] [Worker-Main-9/TRACE] [REI] [REIServerPlugin START] Reloading Section: "start-reload/MenuInfoRegistryImpl/"
[16:45:39] [Worker-Main-9/TRACE] [REI] [REIServerPlugin START] Reloading Section: "start-reload/MenuInfoRegistryImpl/" done in 9.900 μs
[16:45:39] [Worker-Main-9/TRACE] [REI] [REIServerPlugin START] Reloading Section: "start-reload/" done in 105.7 μs
[16:45:39] [Worker-Main-9/DEBUG] [REI] ========================================
[16:45:39] [Worker-Main-9/DEBUG] [REI] REIServerPlugin started main-reload for START.
[16:45:39] [Worker-Main-9/DEBUG] [REI] ========================================
[16:45:39] [Worker-Main-9/TRACE] [REI] [REIServerPlugin START] Reloading Section: "reloadable-plugin/MenuInfoRegistryImpl/"
[16:45:39] [Worker-Main-9/TRACE] [REI] [REIServerPlugin START] Reloading Section: "reloadable-plugin/MenuInfoRegistryImpl/DefaultPluginImpl of DefaultPluginImpl [roughlyenoughitems]/"
[16:45:39] [Worker-Main-9/TRACE] [REI] [REIServerPlugin START] Reloading Section: "reloadable-plugin/MenuInfoRegistryImpl/DefaultPluginImpl of DefaultPluginImpl [roughlyenoughitems]/" done in 9.400 μs
[16:45:39] [Worker-Main-9/TRACE] [REI] [REIServerPlugin START] Reloading Section: "reloadable-plugin/MenuInfoRegistryImpl/REI Plugin Compatibilities Server Handler of REI Plugin Compatibilities Server Handler [rei_plugin_compatibilities, jei]/"
[16:45:39] [Worker-Main-9/TRACE] [REI] [REIServerPlugin START] Reloading Section: "reloadable-plugin/MenuInfoRegistryImpl/REI Plugin Compatibilities Server Handler of REI Plugin Compatibilities Server Handler [rei_plugin_compatibilities, jei]/" done in 4.900 μs
[16:45:39] [Worker-Main-9/TRACE] [REI] [REIServerPlugin START] Reloading Section: "reloadable-plugin/MenuInfoRegistryImpl/DefaultRuntimePlugin of DefaultRuntimePlugin [roughlyenoughitems]/"
[16:45:39] [Worker-Main-9/TRACE] [REI] [REIServerPlugin START] Reloading Section: "reloadable-plugin/MenuInfoRegistryImpl/DefaultRuntimePlugin of DefaultRuntimePlugin [roughlyenoughitems]/" done in 5.200 μs
[16:45:39] [Worker-Main-9/TRACE] [REI] [REIServerPlugin START] Reloading Section: "reloadable-plugin/MenuInfoRegistryImpl/" done in 187.7 μs
[16:45:39] [Worker-Main-9/DEBUG] [REI] ========================================
[16:45:39] [Worker-Main-9/DEBUG] [REI] REIServerPlugin ending main-reload for START.
[16:45:39] [Worker-Main-9/DEBUG] [REI] ========================================
[16:45:39] [Worker-Main-9/TRACE] [REI] [REIServerPlugin START] Reloading Section: "end-reload/"
[16:45:39] [Worker-Main-9/TRACE] [REI] [REIServerPlugin START] Reloading Section: "end-reload/MenuInfoRegistryImpl/"
[16:45:39] [Worker-Main-9/TRACE] [REI] [REIServerPlugin START] Reloading Section: "end-reload/MenuInfoRegistryImpl/" done in 4.400 μs
[16:45:39] [Worker-Main-9/TRACE] [REI] [REIServerPlugin START] Reloading Section: "end-reload/" done in 66.10 μs
[16:45:39] [Worker-Main-9/DEBUG] [REI] ========================================
[16:45:39] [Worker-Main-9/DEBUG] [REI] REIServerPlugin ended main-reload for START in 882.2 μs.
[16:45:39] [Worker-Main-9/DEBUG] [REI] ========================================
[16:45:39] [Worker-Main-9/DEBUG] [REI] ========================================
[16:45:39] [Worker-Main-9/DEBUG] [REI] REIPlugin starting post-reload for START.
[16:45:39] [Worker-Main-9/DEBUG] [REI] Reloadables (7):
[16:45:39] [Worker-Main-9/DEBUG] [REI]  - EntryTypeRegistryImpl
[16:45:39] [Worker-Main-9/DEBUG] [REI]  - EntrySettingsAdapterRegistryImpl
[16:45:39] [Worker-Main-9/DEBUG] [REI]  - RecipeManagerContextImpl
[16:45:39] [Worker-Main-9/DEBUG] [REI]  - ItemComparatorRegistryImpl
[16:45:39] [Worker-Main-9/DEBUG] [REI]  - FluidComparatorRegistryImpl
[16:45:39] [Worker-Main-9/DEBUG] [REI]  - DisplaySerializerRegistryImpl
[16:45:39] [Worker-Main-9/DEBUG] [REI]  - FluidSupportProviderImpl
[16:45:39] [Worker-Main-9/DEBUG] [REI] Plugins (3):
[16:45:39] [Worker-Main-9/DEBUG] [REI]  - (-100.00) DefaultPluginImpl of DefaultPluginImpl [roughlyenoughitems]
[16:45:39] [Worker-Main-9/DEBUG] [REI]  - (0.00) DefaultRuntimePlugin of DefaultRuntimePlugin [roughlyenoughitems]
[16:45:39] [Worker-Main-9/DEBUG] [REI]  - (0.00) REI Plugin Compatibilities Server Handler of REI Plugin Compatibilities Server Handler [rei_plugin_compatibilities, jei]
[16:45:39] [Worker-Main-9/DEBUG] [REI] ========================================
[16:45:39] [Worker-Main-9/TRACE] [REI] [REIPlugin START] Reloading Section: "post-register/"
[16:45:39] [Worker-Main-9/TRACE] [REI] [REIPlugin START] Reloading Section: "post-register/DefaultPluginImpl of DefaultPluginImpl [roughlyenoughitems]/"
[16:45:39] [Worker-Main-9/TRACE] [REI] [REIPlugin START] Reloading Section: "post-register/DefaultPluginImpl of DefaultPluginImpl [roughlyenoughitems]/" done in 174.9 μs
[16:45:39] [Worker-Main-9/TRACE] [REI] [REIPlugin START] Reloading Section: "post-register/DefaultRuntimePlugin of DefaultRuntimePlugin [roughlyenoughitems]/"
[16:45:39] [Worker-Main-9/TRACE] [REI] [REIPlugin START] Reloading Section: "post-register/DefaultRuntimePlugin of DefaultRuntimePlugin [roughlyenoughitems]/" done in 9.300 μs
[16:45:39] [Worker-Main-9/TRACE] [REI] [REIPlugin START] Reloading Section: "post-register/REI Plugin Compatibilities Server Handler of REI Plugin Compatibilities Server Handler [rei_plugin_compatibilities, jei]/"
[16:45:39] [Worker-Main-9/TRACE] [REI] [REIPlugin START] Reloading Section: "post-register/REI Plugin Compatibilities Server Handler of REI Plugin Compatibilities Server Handler [rei_plugin_compatibilities, jei]/" done in 6.100 μs
[16:45:39] [Worker-Main-9/TRACE] [REI] [REIPlugin START] Reloading Section: "post-register/" done in 784.8 μs
[16:45:39] [Worker-Main-9/DEBUG] [REI] ========================================
[16:45:39] [Worker-Main-9/INFO] [REI] REIPlugin finished post-reload for START in 856.1 μs, totaling 30.56 ms.
[16:45:39] [Worker-Main-9/DEBUG] [REI] ========================================
[16:45:39] [Worker-Main-9/DEBUG] [REI] ========================================
[16:45:39] [Worker-Main-9/DEBUG] [REI] REIServerPlugin starting post-reload for START.
[16:45:39] [Worker-Main-9/DEBUG] [REI] Reloadables (1):
[16:45:39] [Worker-Main-9/DEBUG] [REI]  - MenuInfoRegistryImpl
[16:45:39] [Worker-Main-9/DEBUG] [REI] Plugins (3):
[16:45:39] [Worker-Main-9/DEBUG] [REI]  - (-100.00) DefaultPluginImpl of DefaultPluginImpl [roughlyenoughitems]
[16:45:39] [Worker-Main-9/DEBUG] [REI]  - (0.00) REI Plugin Compatibilities Server Handler of REI Plugin Compatibilities Server Handler [rei_plugin_compatibilities, jei]
[16:45:39] [Worker-Main-9/DEBUG] [REI]  - (0.00) DefaultRuntimePlugin of DefaultRuntimePlugin [roughlyenoughitems]
[16:45:39] [Worker-Main-9/DEBUG] [REI] ========================================
[16:45:39] [Worker-Main-9/TRACE] [REI] [REIServerPlugin START] Reloading Section: "post-register/"
[16:45:39] [Worker-Main-9/TRACE] [REI] [REIServerPlugin START] Reloading Section: "post-register/DefaultPluginImpl of DefaultPluginImpl [roughlyenoughitems]/"
[16:45:39] [Worker-Main-9/TRACE] [REI] [REIServerPlugin START] Reloading Section: "post-register/DefaultPluginImpl of DefaultPluginImpl [roughlyenoughitems]/" done in 13.00 μs
[16:45:39] [Worker-Main-9/TRACE] [REI] [REIServerPlugin START] Reloading Section: "post-register/REI Plugin Compatibilities Server Handler of REI Plugin Compatibilities Server Handler [rei_plugin_compatibilities, jei]/"
[16:45:39] [Worker-Main-9/TRACE] [REI] [REIServerPlugin START] Reloading Section: "post-register/REI Plugin Compatibilities Server Handler of REI Plugin Compatibilities Server Handler [rei_plugin_compatibilities, jei]/" done in 8.400 μs
[16:45:39] [Worker-Main-9/TRACE] [REI] [REIServerPlugin START] Reloading Section: "post-register/DefaultRuntimePlugin of DefaultRuntimePlugin [roughlyenoughitems]/"
[16:45:39] [Worker-Main-9/TRACE] [REI] [REIServerPlugin START] Reloading Section: "post-register/DefaultRuntimePlugin of DefaultRuntimePlugin [roughlyenoughitems]/" done in 5.300 μs
[16:45:39] [Worker-Main-9/TRACE] [REI] [REIServerPlugin START] Reloading Section: "post-register/" done in 260.2 μs
[16:45:39] [Worker-Main-9/DEBUG] [REI] ========================================
[16:45:39] [Worker-Main-9/INFO] [REI] REIServerPlugin finished post-reload for START in 328.2 μs, totaling 1.441 ms.
[16:45:39] [Worker-Main-9/DEBUG] [REI] ========================================
[16:45:39] [Worker-Main-9/DEBUG] [REI] ========================================
[16:45:39] [Worker-Main-9/DEBUG] [REI] REIPlugin starting pre-reload for END.
[16:45:39] [Worker-Main-9/DEBUG] [REI] Reloadables (7):
[16:45:39] [Worker-Main-9/DEBUG] [REI]  - EntryTypeRegistryImpl
[16:45:39] [Worker-Main-9/DEBUG] [REI]  - EntrySettingsAdapterRegistryImpl
[16:45:39] [Worker-Main-9/DEBUG] [REI]  - RecipeManagerContextImpl
[16:45:39] [Worker-Main-9/DEBUG] [REI]  - ItemComparatorRegistryImpl
[16:45:39] [Worker-Main-9/DEBUG] [REI]  - FluidComparatorRegistryImpl
[16:45:39] [Worker-Main-9/DEBUG] [REI]  - DisplaySerializerRegistryImpl
[16:45:39] [Worker-Main-9/DEBUG] [REI]  - FluidSupportProviderImpl
[16:45:39] [Worker-Main-9/DEBUG] [REI] Plugins (3):
[16:45:39] [Worker-Main-9/DEBUG] [REI]  - (-100.00) DefaultPluginImpl of DefaultPluginImpl [roughlyenoughitems]
[16:45:39] [Worker-Main-9/DEBUG] [REI]  - (0.00) DefaultRuntimePlugin of DefaultRuntimePlugin [roughlyenoughitems]
[16:45:39] [Worker-Main-9/DEBUG] [REI]  - (0.00) REI Plugin Compatibilities Server Handler of REI Plugin Compatibilities Server Handler [rei_plugin_compatibilities, jei]
[16:45:39] [Worker-Main-9/DEBUG] [REI] ========================================
[16:45:39] [Worker-Main-9/TRACE] [REI] [REIPlugin END] Reloading Section: "pre-register/"
[16:45:39] [Worker-Main-9/TRACE] [REI] [REIPlugin END] Reloading Section: "pre-register/DefaultPluginImpl of DefaultPluginImpl [roughlyenoughitems]/"
[16:45:39] [Worker-Main-9/TRACE] [REI] [REIPlugin END] Reloading Section: "pre-register/DefaultPluginImpl of DefaultPluginImpl [roughlyenoughitems]/" done in 12.30 μs
[16:45:39] [Worker-Main-9/TRACE] [REI] [REIPlugin END] Reloading Section: "pre-register/DefaultRuntimePlugin of DefaultRuntimePlugin [roughlyenoughitems]/"
[16:45:39] [Worker-Main-9/TRACE] [REI] [REIPlugin END] Reloading Section: "pre-register/DefaultRuntimePlugin of DefaultRuntimePlugin [roughlyenoughitems]/" done in 5.100 μs
[16:45:39] [Worker-Main-9/TRACE] [REI] [REIPlugin END] Reloading Section: "pre-register/REI Plugin Compatibilities Server Handler of REI Plugin Compatibilities Server Handler [rei_plugin_compatibilities, jei]/"
[16:45:39] [Worker-Main-9/TRACE] [REI] [REIPlugin END] Reloading Section: "pre-register/REI Plugin Compatibilities Server Handler of REI Plugin Compatibilities Server Handler [rei_plugin_compatibilities, jei]/" done in 4.600 μs
[16:45:39] [Worker-Main-9/TRACE] [REI] [REIPlugin END] Reloading Section: "pre-register/" done in 226.2 μs
[16:45:39] [Worker-Main-9/DEBUG] [REI] ========================================
[16:45:39] [Worker-Main-9/DEBUG] [REI] REIPlugin finished pre-reload for END in 335.0 μs.
[16:45:39] [Worker-Main-9/DEBUG] [REI] ========================================
[16:45:39] [Worker-Main-9/DEBUG] [REI] ========================================
[16:45:39] [Worker-Main-9/DEBUG] [REI] REIServerPlugin starting pre-reload for END.
[16:45:39] [Worker-Main-9/DEBUG] [REI] Reloadables (1):
[16:45:39] [Worker-Main-9/DEBUG] [REI]  - MenuInfoRegistryImpl
[16:45:39] [Worker-Main-9/DEBUG] [REI] Plugins (3):
[16:45:39] [Worker-Main-9/DEBUG] [REI]  - (-100.00) DefaultPluginImpl of DefaultPluginImpl [roughlyenoughitems]
[16:45:39] [Worker-Main-9/DEBUG] [REI]  - (0.00) REI Plugin Compatibilities Server Handler of REI Plugin Compatibilities Server Handler [rei_plugin_compatibilities, jei]
[16:45:39] [Worker-Main-9/DEBUG] [REI]  - (0.00) DefaultRuntimePlugin of DefaultRuntimePlugin [roughlyenoughitems]
[16:45:39] [Worker-Main-9/DEBUG] [REI] ========================================
[16:45:39] [Worker-Main-9/TRACE] [REI] [REIServerPlugin END] Reloading Section: "pre-register/"
[16:45:39] [Worker-Main-9/TRACE] [REI] [REIServerPlugin END] Reloading Section: "pre-register/DefaultPluginImpl of DefaultPluginImpl [roughlyenoughitems]/"
[16:45:39] [Worker-Main-9/TRACE] [REI] [REIServerPlugin END] Reloading Section: "pre-register/DefaultPluginImpl of DefaultPluginImpl [roughlyenoughitems]/" done in 11.00 μs
[16:45:39] [Worker-Main-9/TRACE] [REI] [REIServerPlugin END] Reloading Section: "pre-register/REI Plugin Compatibilities Server Handler of REI Plugin Compatibilities Server Handler [rei_plugin_compatibilities, jei]/"
[16:45:39] [Worker-Main-9/TRACE] [REI] [REIServerPlugin END] Reloading Section: "pre-register/REI Plugin Compatibilities Server Handler of REI Plugin Compatibilities Server Handler [rei_plugin_compatibilities, jei]/" done in 6.200 μs
[16:45:39] [Worker-Main-9/TRACE] [REI] [REIServerPlugin END] Reloading Section: "pre-register/DefaultRuntimePlugin of DefaultRuntimePlugin [roughlyenoughitems]/"
[16:45:39] [Worker-Main-9/TRACE] [REI] [REIServerPlugin END] Reloading Section: "pre-register/DefaultRuntimePlugin of DefaultRuntimePlugin [roughlyenoughitems]/" done in 4.800 μs
[16:45:39] [Worker-Main-9/TRACE] [REI] [REIServerPlugin END] Reloading Section: "pre-register/" done in 249.0 μs
[16:45:39] [Worker-Main-9/DEBUG] [REI] ========================================
[16:45:39] [Worker-Main-9/DEBUG] [REI] REIServerPlugin finished pre-reload for END in 301.0 μs.
[16:45:39] [Worker-Main-9/DEBUG] [REI] ========================================
[16:45:39] [Worker-Main-9/INFO] [REI] OOOOOOOOOOOOOOOOOOOOOOOOOOOOOOOOOOOOOOOO
[16:45:39] [Worker-Main-9/INFO] [REI] REIPlugin starting main-reload for END.
[16:45:39] [Worker-Main-9/DEBUG] [REI] Reloadables (7):
[16:45:39] [Worker-Main-9/DEBUG] [REI]  - EntryTypeRegistryImpl
[16:45:39] [Worker-Main-9/DEBUG] [REI]  - EntrySettingsAdapterRegistryImpl
[16:45:39] [Worker-Main-9/DEBUG] [REI]  - RecipeManagerContextImpl
[16:45:39] [Worker-Main-9/DEBUG] [REI]  - ItemComparatorRegistryImpl
[16:45:39] [Worker-Main-9/DEBUG] [REI]  - FluidComparatorRegistryImpl
[16:45:39] [Worker-Main-9/DEBUG] [REI]  - DisplaySerializerRegistryImpl
[16:45:39] [Worker-Main-9/DEBUG] [REI]  - FluidSupportProviderImpl
[16:45:39] [Worker-Main-9/INFO] [REI] Plugins (3):
[16:45:39] [Worker-Main-9/INFO] [REI]  - (-100.00) DefaultPluginImpl of DefaultPluginImpl [roughlyenoughitems]
[16:45:39] [Worker-Main-9/INFO] [REI]  - (0.00) DefaultRuntimePlugin of DefaultRuntimePlugin [roughlyenoughitems]
[16:45:39] [Worker-Main-9/INFO] [REI]  - (0.00) REI Plugin Compatibilities Server Handler of REI Plugin Compatibilities Server Handler [rei_plugin_compatibilities, jei]
[16:45:39] [Worker-Main-9/INFO] [REI] OOOOOOOOOOOOOOOOOOOOOOOOOOOOOOOOOOOOOOOO
[16:45:39] [Worker-Main-9/TRACE] [REI] [REIPlugin END] Reloading Section: "start-reload/"
[16:45:39] [Worker-Main-9/TRACE] [REI] [REIPlugin END] Reloading Section: "start-reload/EntryTypeRegistryImpl/"
[16:45:39] [Worker-Main-9/TRACE] [REI] [REIPlugin END] Reloading Section: "start-reload/EntryTypeRegistryImpl/" done in 9.500 μs
[16:45:39] [Worker-Main-9/TRACE] [REI] [REIPlugin END] Reloading Section: "start-reload/EntrySettingsAdapterRegistryImpl/"
[16:45:39] [Worker-Main-9/TRACE] [REI] [REIPlugin END] Reloading Section: "start-reload/EntrySettingsAdapterRegistryImpl/" done in 25.00 μs
[16:45:39] [Worker-Main-9/TRACE] [REI] [REIPlugin END] Reloading Section: "start-reload/RecipeManagerContextImpl/"
[16:45:39] [Worker-Main-9/TRACE] [REI] [REIPlugin END] Reloading Section: "start-reload/RecipeManagerContextImpl/" done in 13.80 μs
[16:45:39] [Worker-Main-9/TRACE] [REI] [REIPlugin END] Reloading Section: "start-reload/ItemComparatorRegistryImpl/"
[16:45:39] [Worker-Main-9/TRACE] [REI] [REIPlugin END] Reloading Section: "start-reload/ItemComparatorRegistryImpl/" done in 4.000 μs
[16:45:39] [Worker-Main-9/TRACE] [REI] [REIPlugin END] Reloading Section: "start-reload/FluidComparatorRegistryImpl/"
[16:45:39] [Worker-Main-9/TRACE] [REI] [REIPlugin END] Reloading Section: "start-reload/FluidComparatorRegistryImpl/" done in 2.700 μs
[16:45:39] [Worker-Main-9/TRACE] [REI] [REIPlugin END] Reloading Section: "start-reload/DisplaySerializerRegistryImpl/"
[16:45:39] [Worker-Main-9/TRACE] [REI] [REIPlugin END] Reloading Section: "start-reload/DisplaySerializerRegistryImpl/" done in 21.50 μs
[16:45:39] [Worker-Main-9/TRACE] [REI] [REIPlugin END] Reloading Section: "start-reload/FluidSupportProviderImpl/"
[16:45:39] [Worker-Main-9/TRACE] [REI] [REIPlugin END] Reloading Section: "start-reload/FluidSupportProviderImpl/" done in 3.600 μs
[16:45:39] [Worker-Main-9/TRACE] [REI] [REIPlugin END] Reloading Section: "start-reload/" done in 618.6 μs
[16:45:39] [Worker-Main-9/DEBUG] [REI] ========================================
[16:45:39] [Worker-Main-9/DEBUG] [REI] REIPlugin started main-reload for END.
[16:45:39] [Worker-Main-9/DEBUG] [REI] ========================================
[16:45:39] [Worker-Main-9/TRACE] [REI] [REIPlugin END] Reloading Section: "reloadable-plugin/EntryTypeRegistryImpl/"
[16:45:39] [Worker-Main-9/TRACE] [REI] [REIPlugin END] Reloading Section: "reloadable-plugin/EntryTypeRegistryImpl/DefaultPluginImpl of DefaultPluginImpl [roughlyenoughitems]/"
[16:45:39] [Worker-Main-9/TRACE] [REI] [REIPlugin END] Reloading Section: "reloadable-plugin/EntryTypeRegistryImpl/DefaultPluginImpl of DefaultPluginImpl [roughlyenoughitems]/" done in 9.800 μs
[16:45:39] [Worker-Main-9/TRACE] [REI] [REIPlugin END] Reloading Section: "reloadable-plugin/EntryTypeRegistryImpl/DefaultRuntimePlugin of DefaultRuntimePlugin [roughlyenoughitems]/"
[16:45:39] [Worker-Main-9/TRACE] [REI] [REIPlugin END] Reloading Section: "reloadable-plugin/EntryTypeRegistryImpl/DefaultRuntimePlugin of DefaultRuntimePlugin [roughlyenoughitems]/" done in 5.800 μs
[16:45:39] [Worker-Main-9/TRACE] [REI] [REIPlugin END] Reloading Section: "reloadable-plugin/EntryTypeRegistryImpl/REI Plugin Compatibilities Server Handler of REI Plugin Compatibilities Server Handler [rei_plugin_compatibilities, jei]/"
[16:45:39] [Worker-Main-9/TRACE] [REI] [REIPlugin END] Reloading Section: "reloadable-plugin/EntryTypeRegistryImpl/REI Plugin Compatibilities Server Handler of REI Plugin Compatibilities Server Handler [rei_plugin_compatibilities, jei]/" done in 5.500 μs
[16:45:39] [Worker-Main-9/TRACE] [REI] [REIPlugin END] Reloading Section: "reloadable-plugin/EntryTypeRegistryImpl/" done in 166.1 μs
[16:45:39] [Worker-Main-9/TRACE] [REI] [REIPlugin END] Reloading Section: "reloadable-plugin/EntrySettingsAdapterRegistryImpl/"
[16:45:39] [Worker-Main-9/TRACE] [REI] [REIPlugin END] Reloading Section: "reloadable-plugin/EntrySettingsAdapterRegistryImpl/DefaultPluginImpl of DefaultPluginImpl [roughlyenoughitems]/"
[16:45:39] [Worker-Main-9/TRACE] [REI] [REIPlugin END] Reloading Section: "reloadable-plugin/EntrySettingsAdapterRegistryImpl/DefaultPluginImpl of DefaultPluginImpl [roughlyenoughitems]/" done in 15.30 μs
[16:45:39] [Worker-Main-9/TRACE] [REI] [REIPlugin END] Reloading Section: "reloadable-plugin/EntrySettingsAdapterRegistryImpl/DefaultRuntimePlugin of DefaultRuntimePlugin [roughlyenoughitems]/"
[16:45:39] [Worker-Main-9/TRACE] [REI] [REIPlugin END] Reloading Section: "reloadable-plugin/EntrySettingsAdapterRegistryImpl/DefaultRuntimePlugin of DefaultRuntimePlugin [roughlyenoughitems]/" done in 5.700 μs
[16:45:39] [Worker-Main-9/TRACE] [REI] [REIPlugin END] Reloading Section: "reloadable-plugin/EntrySettingsAdapterRegistryImpl/REI Plugin Compatibilities Server Handler of REI Plugin Compatibilities Server Handler [rei_plugin_compatibilities, jei]/"
[16:45:39] [Worker-Main-9/TRACE] [REI] [REIPlugin END] Reloading Section: "reloadable-plugin/EntrySettingsAdapterRegistryImpl/REI Plugin Compatibilities Server Handler of REI Plugin Compatibilities Server Handler [rei_plugin_compatibilities, jei]/" done in 5.600 μs
[16:45:39] [Worker-Main-9/TRACE] [REI] [REIPlugin END] Reloading Section: "reloadable-plugin/EntrySettingsAdapterRegistryImpl/" done in 163.1 μs
[16:45:39] [Worker-Main-9/TRACE] [REI] [REIPlugin END] Reloading Section: "reloadable-plugin/RecipeManagerContextImpl/"
[16:45:39] [Worker-Main-9/TRACE] [REI] [REIPlugin END] Reloading Section: "reloadable-plugin/RecipeManagerContextImpl/DefaultPluginImpl of DefaultPluginImpl [roughlyenoughitems]/"
[16:45:39] [Worker-Main-9/TRACE] [REI] [REIPlugin END] Reloading Section: "reloadable-plugin/RecipeManagerContextImpl/DefaultPluginImpl of DefaultPluginImpl [roughlyenoughitems]/" done in 5.700 μs
[16:45:39] [Worker-Main-9/TRACE] [REI] [REIPlugin END] Reloading Section: "reloadable-plugin/RecipeManagerContextImpl/DefaultRuntimePlugin of DefaultRuntimePlugin [roughlyenoughitems]/"
[16:45:39] [Worker-Main-9/TRACE] [REI] [REIPlugin END] Reloading Section: "reloadable-plugin/RecipeManagerContextImpl/DefaultRuntimePlugin of DefaultRuntimePlugin [roughlyenoughitems]/" done in 5.500 μs
[16:45:39] [Worker-Main-9/TRACE] [REI] [REIPlugin END] Reloading Section: "reloadable-plugin/RecipeManagerContextImpl/REI Plugin Compatibilities Server Handler of REI Plugin Compatibilities Server Handler [rei_plugin_compatibilities, jei]/"
[16:45:39] [Worker-Main-9/TRACE] [REI] [REIPlugin END] Reloading Section: "reloadable-plugin/RecipeManagerContextImpl/REI Plugin Compatibilities Server Handler of REI Plugin Compatibilities Server Handler [rei_plugin_compatibilities, jei]/" done in 5.200 μs
[16:45:39] [Worker-Main-9/TRACE] [REI] [REIPlugin END] Reloading Section: "reloadable-plugin/RecipeManagerContextImpl/" done in 140.3 μs
[16:45:39] [Worker-Main-9/TRACE] [REI] [REIPlugin END] Reloading Section: "reloadable-plugin/ItemComparatorRegistryImpl/"
[16:45:39] [Worker-Main-9/TRACE] [REI] [REIPlugin END] Reloading Section: "reloadable-plugin/ItemComparatorRegistryImpl/DefaultPluginImpl of DefaultPluginImpl [roughlyenoughitems]/"
[16:45:39] [Worker-Main-9/TRACE] [REI] [REIPlugin END] Reloading Section: "reloadable-plugin/ItemComparatorRegistryImpl/DefaultPluginImpl of DefaultPluginImpl [roughlyenoughitems]/" done in 5.500 μs
[16:45:39] [Worker-Main-9/TRACE] [REI] [REIPlugin END] Reloading Section: "reloadable-plugin/ItemComparatorRegistryImpl/DefaultRuntimePlugin of DefaultRuntimePlugin [roughlyenoughitems]/"
[16:45:39] [Worker-Main-9/TRACE] [REI] [REIPlugin END] Reloading Section: "reloadable-plugin/ItemComparatorRegistryImpl/DefaultRuntimePlugin of DefaultRuntimePlugin [roughlyenoughitems]/" done in 5.600 μs
[16:45:39] [Worker-Main-9/TRACE] [REI] [REIPlugin END] Reloading Section: "reloadable-plugin/ItemComparatorRegistryImpl/REI Plugin Compatibilities Server Handler of REI Plugin Compatibilities Server Handler [rei_plugin_compatibilities, jei]/"
[16:45:39] [Worker-Main-9/TRACE] [REI] [REIPlugin END] Reloading Section: "reloadable-plugin/ItemComparatorRegistryImpl/REI Plugin Compatibilities Server Handler of REI Plugin Compatibilities Server Handler [rei_plugin_compatibilities, jei]/" done in 5.400 μs
[16:45:39] [Worker-Main-9/TRACE] [REI] [REIPlugin END] Reloading Section: "reloadable-plugin/ItemComparatorRegistryImpl/" done in 142.1 μs
[16:45:39] [Worker-Main-9/TRACE] [REI] [REIPlugin END] Reloading Section: "reloadable-plugin/FluidComparatorRegistryImpl/"
[16:45:39] [Worker-Main-9/TRACE] [REI] [REIPlugin END] Reloading Section: "reloadable-plugin/FluidComparatorRegistryImpl/DefaultPluginImpl of DefaultPluginImpl [roughlyenoughitems]/"
[16:45:39] [Worker-Main-9/TRACE] [REI] [REIPlugin END] Reloading Section: "reloadable-plugin/FluidComparatorRegistryImpl/DefaultPluginImpl of DefaultPluginImpl [roughlyenoughitems]/" done in 5.600 μs
[16:45:39] [Worker-Main-9/TRACE] [REI] [REIPlugin END] Reloading Section: "reloadable-plugin/FluidComparatorRegistryImpl/DefaultRuntimePlugin of DefaultRuntimePlugin [roughlyenoughitems]/"
[16:45:39] [Worker-Main-9/TRACE] [REI] [REIPlugin END] Reloading Section: "reloadable-plugin/FluidComparatorRegistryImpl/DefaultRuntimePlugin of DefaultRuntimePlugin [roughlyenoughitems]/" done in 6.800 μs
[16:45:39] [Worker-Main-9/TRACE] [REI] [REIPlugin END] Reloading Section: "reloadable-plugin/FluidComparatorRegistryImpl/REI Plugin Compatibilities Server Handler of REI Plugin Compatibilities Server Handler [rei_plugin_compatibilities, jei]/"
[16:45:39] [Worker-Main-9/TRACE] [REI] [REIPlugin END] Reloading Section: "reloadable-plugin/FluidComparatorRegistryImpl/REI Plugin Compatibilities Server Handler of REI Plugin Compatibilities Server Handler [rei_plugin_compatibilities, jei]/" done in 5.400 μs
[16:45:39] [Worker-Main-9/TRACE] [REI] [REIPlugin END] Reloading Section: "reloadable-plugin/FluidComparatorRegistryImpl/" done in 209.3 μs
[16:45:39] [Worker-Main-9/TRACE] [REI] [REIPlugin END] Reloading Section: "reloadable-plugin/DisplaySerializerRegistryImpl/"
[16:45:39] [Worker-Main-9/TRACE] [REI] [REIPlugin END] Reloading Section: "reloadable-plugin/DisplaySerializerRegistryImpl/DefaultPluginImpl of DefaultPluginImpl [roughlyenoughitems]/"
[16:45:39] [Worker-Main-9/TRACE] [REI] [REIPlugin END] Reloading Section: "reloadable-plugin/DisplaySerializerRegistryImpl/DefaultPluginImpl of DefaultPluginImpl [roughlyenoughitems]/" done in 27.32 ms
[16:45:39] [Worker-Main-9/TRACE] [REI] [REIPlugin END] Reloading Section: "reloadable-plugin/DisplaySerializerRegistryImpl/DefaultRuntimePlugin of DefaultRuntimePlugin [roughlyenoughitems]/"
[16:45:39] [Worker-Main-9/TRACE] [REI] [REIPlugin END] Reloading Section: "reloadable-plugin/DisplaySerializerRegistryImpl/DefaultRuntimePlugin of DefaultRuntimePlugin [roughlyenoughitems]/" done in 16.70 μs
[16:45:39] [Worker-Main-9/TRACE] [REI] [REIPlugin END] Reloading Section: "reloadable-plugin/DisplaySerializerRegistryImpl/REI Plugin Compatibilities Server Handler of REI Plugin Compatibilities Server Handler [rei_plugin_compatibilities, jei]/"
[16:45:39] [Worker-Main-9/TRACE] [REI] [REIPlugin END] Reloading Section: "reloadable-plugin/DisplaySerializerRegistryImpl/REI Plugin Compatibilities Server Handler of REI Plugin Compatibilities Server Handler [rei_plugin_compatibilities, jei]/" done in 7.700 μs
[16:45:39] [Worker-Main-9/TRACE] [REI] [REIPlugin END] Reloading Section: "reloadable-plugin/DisplaySerializerRegistryImpl/" done in 27.77 ms
[16:45:39] [Worker-Main-9/TRACE] [REI] [REIPlugin END] Reloading Section: "reloadable-plugin/FluidSupportProviderImpl/"
[16:45:39] [Worker-Main-9/TRACE] [REI] [REIPlugin END] Reloading Section: "reloadable-plugin/FluidSupportProviderImpl/DefaultPluginImpl of DefaultPluginImpl [roughlyenoughitems]/"
[16:45:39] [Worker-Main-9/TRACE] [REI] [REIPlugin END] Reloading Section: "reloadable-plugin/FluidSupportProviderImpl/DefaultPluginImpl of DefaultPluginImpl [roughlyenoughitems]/" done in 8.100 μs
[16:45:39] [Worker-Main-9/TRACE] [REI] [REIPlugin END] Reloading Section: "reloadable-plugin/FluidSupportProviderImpl/DefaultRuntimePlugin of DefaultRuntimePlugin [roughlyenoughitems]/"
[16:45:39] [Worker-Main-9/TRACE] [REI] [REIPlugin END] Reloading Section: "reloadable-plugin/FluidSupportProviderImpl/DefaultRuntimePlugin of DefaultRuntimePlugin [roughlyenoughitems]/" done in 7.000 μs
[16:45:39] [Worker-Main-9/TRACE] [REI] [REIPlugin END] Reloading Section: "reloadable-plugin/FluidSupportProviderImpl/REI Plugin Compatibilities Server Handler of REI Plugin Compatibilities Server Handler [rei_plugin_compatibilities, jei]/"
[16:45:39] [Worker-Main-9/TRACE] [REI] [REIPlugin END] Reloading Section: "reloadable-plugin/FluidSupportProviderImpl/REI Plugin Compatibilities Server Handler of REI Plugin Compatibilities Server Handler [rei_plugin_compatibilities, jei]/" done in 8.100 μs
[16:45:39] [Worker-Main-9/TRACE] [REI] [REIPlugin END] Reloading Section: "reloadable-plugin/FluidSupportProviderImpl/" done in 312.1 μs
[16:45:39] [Worker-Main-9/DEBUG] [REI] ========================================
[16:45:39] [Worker-Main-9/DEBUG] [REI] REIPlugin ending main-reload for END.
[16:45:39] [Worker-Main-9/DEBUG] [REI] ========================================
[16:45:39] [Worker-Main-9/TRACE] [REI] [REIPlugin END] Reloading Section: "end-reload/"
[16:45:39] [Worker-Main-9/TRACE] [REI] [REIPlugin END] Reloading Section: "end-reload/EntryTypeRegistryImpl/"
[16:45:39] [Worker-Main-9/TRACE] [REI] [REIPlugin END] Reloading Section: "end-reload/EntryTypeRegistryImpl/" done in 5.500 μs
[16:45:39] [Worker-Main-9/TRACE] [REI] [REIPlugin END] Reloading Section: "end-reload/EntrySettingsAdapterRegistryImpl/"
[16:45:39] [Worker-Main-9/TRACE] [REI] [REIPlugin END] Reloading Section: "end-reload/EntrySettingsAdapterRegistryImpl/" done in 3.600 μs
[16:45:39] [Worker-Main-9/TRACE] [REI] [REIPlugin END] Reloading Section: "end-reload/RecipeManagerContextImpl/"
[16:45:39] [Worker-Main-9/TRACE] [REI] [REIPlugin END] Reloading Section: "end-reload/RecipeManagerContextImpl/" done in 3.600 μs
[16:45:39] [Worker-Main-9/TRACE] [REI] [REIPlugin END] Reloading Section: "end-reload/ItemComparatorRegistryImpl/"
[16:45:39] [Worker-Main-9/TRACE] [REI] [REIPlugin END] Reloading Section: "end-reload/ItemComparatorRegistryImpl/" done in 4.300 μs
[16:45:39] [Worker-Main-9/TRACE] [REI] [REIPlugin END] Reloading Section: "end-reload/FluidComparatorRegistryImpl/"
[16:45:39] [Worker-Main-9/TRACE] [REI] [REIPlugin END] Reloading Section: "end-reload/FluidComparatorRegistryImpl/" done in 3.300 μs
[16:45:39] [Worker-Main-9/TRACE] [REI] [REIPlugin END] Reloading Section: "end-reload/DisplaySerializerRegistryImpl/"
[16:45:39] [Worker-Main-9/TRACE] [REI] [REIPlugin END] Reloading Section: "end-reload/DisplaySerializerRegistryImpl/" done in 6.500 μs
[16:45:39] [Worker-Main-9/TRACE] [REI] [REIPlugin END] Reloading Section: "end-reload/FluidSupportProviderImpl/"
[16:45:39] [Worker-Main-9/TRACE] [REI] [REIPlugin END] Reloading Section: "end-reload/FluidSupportProviderImpl/" done in 4.300 μs
[16:45:39] [Worker-Main-9/TRACE] [REI] [REIPlugin END] Reloading Section: "end-reload/" done in 559.9 μs
[16:45:39] [Worker-Main-9/DEBUG] [REI] ========================================
[16:45:39] [Worker-Main-9/DEBUG] [REI] REIPlugin ended main-reload for END in 30.85 ms.
[16:45:39] [Worker-Main-9/DEBUG] [REI] ========================================
[16:45:39] [Worker-Main-9/INFO] [REI] @@@@@@@@@@@@@@@@@@@@@@@@@@@@@@@@@@@@@@@@
[16:45:39] [Worker-Main-9/INFO] [REI] REIServerPlugin starting main-reload for END.
[16:45:39] [Worker-Main-9/DEBUG] [REI] Reloadables (1):
[16:45:39] [Worker-Main-9/DEBUG] [REI]  - MenuInfoRegistryImpl
[16:45:39] [Worker-Main-9/INFO] [REI] Plugins (3):
[16:45:39] [Worker-Main-9/INFO] [REI]  - (-100.00) DefaultPluginImpl of DefaultPluginImpl [roughlyenoughitems]
[16:45:39] [Worker-Main-9/INFO] [REI]  - (0.00) REI Plugin Compatibilities Server Handler of REI Plugin Compatibilities Server Handler [rei_plugin_compatibilities, jei]
[16:45:39] [Worker-Main-9/INFO] [REI]  - (0.00) DefaultRuntimePlugin of DefaultRuntimePlugin [roughlyenoughitems]
[16:45:39] [Worker-Main-9/INFO] [REI] @@@@@@@@@@@@@@@@@@@@@@@@@@@@@@@@@@@@@@@@
[16:45:39] [Worker-Main-9/TRACE] [REI] [REIServerPlugin END] Reloading Section: "start-reload/"
[16:45:39] [Worker-Main-9/TRACE] [REI] [REIServerPlugin END] Reloading Section: "start-reload/MenuInfoRegistryImpl/"
[16:45:39] [Worker-Main-9/TRACE] [REI] [REIServerPlugin END] Reloading Section: "start-reload/MenuInfoRegistryImpl/" done in 25.10 μs
[16:45:39] [Worker-Main-9/TRACE] [REI] [REIServerPlugin END] Reloading Section: "start-reload/" done in 81.10 μs
[16:45:39] [Worker-Main-9/DEBUG] [REI] ========================================
[16:45:39] [Worker-Main-9/DEBUG] [REI] REIServerPlugin started main-reload for END.
[16:45:39] [Worker-Main-9/DEBUG] [REI] ========================================
[16:45:39] [Worker-Main-9/TRACE] [REI] [REIServerPlugin END] Reloading Section: "reloadable-plugin/MenuInfoRegistryImpl/"
[16:45:39] [Worker-Main-9/TRACE] [REI] [REIServerPlugin END] Reloading Section: "reloadable-plugin/MenuInfoRegistryImpl/DefaultPluginImpl of DefaultPluginImpl [roughlyenoughitems]/"
[16:45:39] [Worker-Main-9/DEBUG] [REI] Added menu info for class net.minecraft.world.inventory.CraftingMenu [minecraft:plugins/crafting]: me.shedaniel.rei.api.common.transfer.info.simple.SimpleMenuInfoProvider$$Lambda$29914/0x0000012ce779b2f0@f8531d1
[16:45:39] [Worker-Main-9/DEBUG] [REI] Added menu info for class net.minecraft.world.inventory.InventoryMenu [minecraft:plugins/crafting]: me.shedaniel.rei.api.common.transfer.info.simple.SimpleMenuInfoProvider$$Lambda$29914/0x0000012ce779b2f0@270c4087
[16:45:39] [Worker-Main-9/DEBUG] [REI] Added menu info for class net.minecraft.world.inventory.FurnaceMenu [minecraft:plugins/smelting]: me.shedaniel.rei.api.common.transfer.info.simple.SimpleMenuInfoProvider$$Lambda$29914/0x0000012ce779b2f0@2b136b48
[16:45:39] [Worker-Main-9/DEBUG] [REI] Added menu info for class net.minecraft.world.inventory.SmokerMenu [minecraft:plugins/smoking]: me.shedaniel.rei.api.common.transfer.info.simple.SimpleMenuInfoProvider$$Lambda$29914/0x0000012ce779b2f0@482c976a
[16:45:39] [Worker-Main-9/DEBUG] [REI] Added menu info for class net.minecraft.world.inventory.BlastFurnaceMenu [minecraft:plugins/blasting]: me.shedaniel.rei.api.common.transfer.info.simple.SimpleMenuInfoProvider$$Lambda$29914/0x0000012ce779b2f0@354709e
[16:45:39] [Worker-Main-9/TRACE] [REI] [REIServerPlugin END] Reloading Section: "reloadable-plugin/MenuInfoRegistryImpl/DefaultPluginImpl of DefaultPluginImpl [roughlyenoughitems]/" done in 7.029 ms
[16:45:39] [Worker-Main-9/TRACE] [REI] [REIServerPlugin END] Reloading Section: "reloadable-plugin/MenuInfoRegistryImpl/REI Plugin Compatibilities Server Handler of REI Plugin Compatibilities Server Handler [rei_plugin_compatibilities, jei]/"
[16:45:39] [Worker-Main-9/DEBUG] [REI] Added generic menu info for: me.shedaniel.rei.jeicompat.JEIExtraPlugin$1@e32f7d6
[16:45:39] [Worker-Main-9/TRACE] [REI] [REIServerPlugin END] Reloading Section: "reloadable-plugin/MenuInfoRegistryImpl/REI Plugin Compatibilities Server Handler of REI Plugin Compatibilities Server Handler [rei_plugin_compatibilities, jei]/" done in 1.157 ms
[16:45:39] [Worker-Main-9/TRACE] [REI] [REIServerPlugin END] Reloading Section: "reloadable-plugin/MenuInfoRegistryImpl/DefaultRuntimePlugin of DefaultRuntimePlugin [roughlyenoughitems]/"
[16:45:39] [Worker-Main-9/TRACE] [REI] [REIServerPlugin END] Reloading Section: "reloadable-plugin/MenuInfoRegistryImpl/DefaultRuntimePlugin of DefaultRuntimePlugin [roughlyenoughitems]/" done in 14.70 μs
[16:45:39] [Worker-Main-9/TRACE] [REI] [REIServerPlugin END] Reloading Section: "reloadable-plugin/MenuInfoRegistryImpl/" done in 8.466 ms
[16:45:39] [Worker-Main-9/DEBUG] [REI] ========================================
[16:45:39] [Worker-Main-9/DEBUG] [REI] REIServerPlugin ending main-reload for END.
[16:45:39] [Worker-Main-9/DEBUG] [REI] ========================================
[16:45:39] [Worker-Main-9/TRACE] [REI] [REIServerPlugin END] Reloading Section: "end-reload/"
[16:45:39] [Worker-Main-9/TRACE] [REI] [REIServerPlugin END] Reloading Section: "end-reload/MenuInfoRegistryImpl/"
[16:45:39] [Worker-Main-9/DEBUG] [REI] Registered 5 menu infos
[16:45:39] [Worker-Main-9/TRACE] [REI] [REIServerPlugin END] Reloading Section: "end-reload/MenuInfoRegistryImpl/" done in 42.30 μs
[16:45:39] [Worker-Main-9/TRACE] [REI] [REIServerPlugin END] Reloading Section: "end-reload/" done in 125.4 μs
[16:45:39] [Worker-Main-9/DEBUG] [REI] ========================================
[16:45:39] [Worker-Main-9/DEBUG] [REI] REIServerPlugin ended main-reload for END in 9.202 ms.
[16:45:39] [Worker-Main-9/DEBUG] [REI] ========================================
[16:45:39] [Worker-Main-9/DEBUG] [REI] ========================================
[16:45:39] [Worker-Main-9/DEBUG] [REI] REIPlugin starting post-reload for END.
[16:45:39] [Worker-Main-9/DEBUG] [REI] Reloadables (7):
[16:45:39] [Worker-Main-9/DEBUG] [REI]  - EntryTypeRegistryImpl
[16:45:39] [Worker-Main-9/DEBUG] [REI]  - EntrySettingsAdapterRegistryImpl
[16:45:39] [Worker-Main-9/DEBUG] [REI]  - RecipeManagerContextImpl
[16:45:39] [Worker-Main-9/DEBUG] [REI]  - ItemComparatorRegistryImpl
[16:45:39] [Worker-Main-9/DEBUG] [REI]  - FluidComparatorRegistryImpl
[16:45:39] [Worker-Main-9/DEBUG] [REI]  - DisplaySerializerRegistryImpl
[16:45:39] [Worker-Main-9/DEBUG] [REI]  - FluidSupportProviderImpl
[16:45:39] [Worker-Main-9/DEBUG] [REI] Plugins (3):
[16:45:39] [Worker-Main-9/DEBUG] [REI]  - (-100.00) DefaultPluginImpl of DefaultPluginImpl [roughlyenoughitems]
[16:45:39] [Worker-Main-9/DEBUG] [REI]  - (0.00) DefaultRuntimePlugin of DefaultRuntimePlugin [roughlyenoughitems]
[16:45:39] [Worker-Main-9/DEBUG] [REI]  - (0.00) REI Plugin Compatibilities Server Handler of REI Plugin Compatibilities Server Handler [rei_plugin_compatibilities, jei]
[16:45:39] [Worker-Main-9/DEBUG] [REI] ========================================
[16:45:39] [Worker-Main-9/TRACE] [REI] [REIPlugin END] Reloading Section: "post-register/"
[16:45:39] [Worker-Main-9/TRACE] [REI] [REIPlugin END] Reloading Section: "post-register/DefaultPluginImpl of DefaultPluginImpl [roughlyenoughitems]/"
[16:45:39] [Worker-Main-9/TRACE] [REI] [REIPlugin END] Reloading Section: "post-register/DefaultPluginImpl of DefaultPluginImpl [roughlyenoughitems]/" done in 8.800 μs
[16:45:39] [Worker-Main-9/TRACE] [REI] [REIPlugin END] Reloading Section: "post-register/DefaultRuntimePlugin of DefaultRuntimePlugin [roughlyenoughitems]/"
[16:45:39] [Worker-Main-9/TRACE] [REI] [REIPlugin END] Reloading Section: "post-register/DefaultRuntimePlugin of DefaultRuntimePlugin [roughlyenoughitems]/" done in 4.700 μs
[16:45:39] [Worker-Main-9/TRACE] [REI] [REIPlugin END] Reloading Section: "post-register/REI Plugin Compatibilities Server Handler of REI Plugin Compatibilities Server Handler [rei_plugin_compatibilities, jei]/"
[16:45:39] [Worker-Main-9/TRACE] [REI] [REIPlugin END] Reloading Section: "post-register/REI Plugin Compatibilities Server Handler of REI Plugin Compatibilities Server Handler [rei_plugin_compatibilities, jei]/" done in 3.600 μs
[16:45:39] [Worker-Main-9/TRACE] [REI] [REIPlugin END] Reloading Section: "post-register/" done in 154.9 μs
[16:45:39] [Worker-Main-9/DEBUG] [REI] ========================================
[16:45:39] [Worker-Main-9/INFO] [REI] REIPlugin finished post-reload for END in 184.0 μs, totaling 31.36 ms.
[16:45:39] [Worker-Main-9/DEBUG] [REI] ========================================
[16:45:39] [Worker-Main-9/DEBUG] [REI] ========================================
[16:45:39] [Worker-Main-9/DEBUG] [REI] REIServerPlugin starting post-reload for END.
[16:45:39] [Worker-Main-9/DEBUG] [REI] Reloadables (1):
[16:45:39] [Worker-Main-9/DEBUG] [REI]  - MenuInfoRegistryImpl
[16:45:39] [Worker-Main-9/DEBUG] [REI] Plugins (3):
[16:45:39] [Worker-Main-9/DEBUG] [REI]  - (-100.00) DefaultPluginImpl of DefaultPluginImpl [roughlyenoughitems]
[16:45:39] [Worker-Main-9/DEBUG] [REI]  - (0.00) REI Plugin Compatibilities Server Handler of REI Plugin Compatibilities Server Handler [rei_plugin_compatibilities, jei]
[16:45:39] [Worker-Main-9/DEBUG] [REI]  - (0.00) DefaultRuntimePlugin of DefaultRuntimePlugin [roughlyenoughitems]
[16:45:39] [Worker-Main-9/DEBUG] [REI] ========================================
[16:45:39] [Worker-Main-9/TRACE] [REI] [REIServerPlugin END] Reloading Section: "post-register/"
[16:45:39] [Worker-Main-9/TRACE] [REI] [REIServerPlugin END] Reloading Section: "post-register/DefaultPluginImpl of DefaultPluginImpl [roughlyenoughitems]/"
[16:45:39] [Worker-Main-9/TRACE] [REI] [REIServerPlugin END] Reloading Section: "post-register/DefaultPluginImpl of DefaultPluginImpl [roughlyenoughitems]/" done in 7.600 μs
[16:45:39] [Worker-Main-9/TRACE] [REI] [REIServerPlugin END] Reloading Section: "post-register/REI Plugin Compatibilities Server Handler of REI Plugin Compatibilities Server Handler [rei_plugin_compatibilities, jei]/"
[16:45:39] [Worker-Main-9/TRACE] [REI] [REIServerPlugin END] Reloading Section: "post-register/REI Plugin Compatibilities Server Handler of REI Plugin Compatibilities Server Handler [rei_plugin_compatibilities, jei]/" done in 5.400 μs
[16:45:39] [Worker-Main-9/TRACE] [REI] [REIServerPlugin END] Reloading Section: "post-register/DefaultRuntimePlugin of DefaultRuntimePlugin [roughlyenoughitems]/"
[16:45:39] [Worker-Main-9/TRACE] [REI] [REIServerPlugin END] Reloading Section: "post-register/DefaultRuntimePlugin of DefaultRuntimePlugin [roughlyenoughitems]/" done in 3.600 μs
[16:45:39] [Worker-Main-9/TRACE] [REI] [REIServerPlugin END] Reloading Section: "post-register/" done in 186.7 μs
[16:45:39] [Worker-Main-9/DEBUG] [REI] ========================================
[16:45:39] [Worker-Main-9/INFO] [REI] REIServerPlugin finished post-reload for END in 220.4 μs, totaling 9.711 ms.
[16:45:39] [Worker-Main-9/DEBUG] [REI] ========================================
